2016-07-10T02:41:23+00:00 ERR (3): 
exception 'Zend_Mail_Transport_Exception' with message 'Unable to send mail. mail(): Failed to connect to mailserver at &quot;localhost&quot; port 25, verify your &quot;SMTP&quot; and &quot;smtp_port&quot; setting in php.ini or use ini_set()' in D:\www\tresbien_group2\lib\Zend\Mail\Transport\Sendmail.php:137
Stack trace:
#0 D:\www\tresbien_group2\lib\Zend\Mail\Transport\Abstract.php(348): Zend_Mail_Transport_Sendmail->_sendMail()
#1 D:\www\tresbien_group2\lib\Zend\Mail.php(1194): Zend_Mail_Transport_Abstract->send(Object(Zend_Mail))
#2 D:\www\tresbien_group2\app\code\core\Mage\Core\Model\Email\Template.php(451): Zend_Mail->send()
#3 D:\www\tresbien_group2\app\code\core\Mage\Core\Model\Email\Template.php(508): Mage_Core_Model_Email_Template->send('thanh@example.c...', NULL, Array)
#4 D:\www\tresbien_group2\app\code\core\Mage\Newsletter\Model\Subscriber.php(559): Mage_Core_Model_Email_Template->sendTransactional('newsletter_subs...', 'general', 'thanh@example.c...', NULL, Array)
#5 D:\www\tresbien_group2\app\code\core\Mage\Newsletter\Model\Subscriber.php(458): Mage_Newsletter_Model_Subscriber->sendConfirmationSuccessEmail()
#6 D:\www\tresbien_group2\app\code\core\Mage\Newsletter\Model\Observer.php(38): Mage_Newsletter_Model_Subscriber->subscribeCustomer(Object(Mage_Customer_Model_Customer))
#7 D:\www\tresbien_group2\app\code\core\Mage\Core\Model\App.php(1358): Mage_Newsletter_Model_Observer->subscribeCustomer(Object(Varien_Event_Observer))
#8 D:\www\tresbien_group2\app\code\core\Mage\Core\Model\App.php(1337): Mage_Core_Model_App->_callObserverMethod(Object(Mage_Newsletter_Model_Observer), 'subscribeCustom...', Object(Varien_Event_Observer))
#9 D:\www\tresbien_group2\app\Mage.php(448): Mage_Core_Model_App->dispatchEvent('customer_save_a...', Array)
#10 D:\www\tresbien_group2\app\code\core\Mage\Core\Model\Abstract.php(466): Mage::dispatchEvent('customer_save_a...', Array)
#11 D:\www\tresbien_group2\app\code\core\Mage\Core\Model\Abstract.php(319): Mage_Core_Model_Abstract->_afterSave()
#12 D:\www\tresbien_group2\app\code\core\Mage\Customer\controllers\AccountController.php(301): Mage_Core_Model_Abstract->save()
#13 D:\www\tresbien_group2\app\code\core\Mage\Core\Controller\Varien\Action.php(418): Mage_Customer_AccountController->createPostAction()
#14 D:\www\tresbien_group2\app\code\core\Mage\Core\Controller\Varien\Router\Standard.php(254): Mage_Core_Controller_Varien_Action->dispatch('createpost')
#15 D:\www\tresbien_group2\app\code\core\Mage\Core\Controller\Varien\Front.php(172): Mage_Core_Controller_Varien_Router_Standard->match(Object(Mage_Core_Controller_Request_Http))
#16 D:\www\tresbien_group2\app\code\core\Mage\Core\Model\App.php(365): Mage_Core_Controller_Varien_Front->dispatch()
#17 D:\www\tresbien_group2\app\Mage.php(684): Mage_Core_Model_App->run(Array)
#18 D:\www\tresbien_group2\index.php(83): Mage::run('', 'store')
#19 {main}
2016-07-10T02:41:26+00:00 ERR (3): 
exception 'Zend_Mail_Transport_Exception' with message 'Unable to send mail. mail(): Failed to connect to mailserver at &quot;localhost&quot; port 25, verify your &quot;SMTP&quot; and &quot;smtp_port&quot; setting in php.ini or use ini_set()' in D:\www\tresbien_group2\lib\Zend\Mail\Transport\Sendmail.php:137
Stack trace:
#0 D:\www\tresbien_group2\lib\Zend\Mail\Transport\Abstract.php(348): Zend_Mail_Transport_Sendmail->_sendMail()
#1 D:\www\tresbien_group2\lib\Zend\Mail.php(1194): Zend_Mail_Transport_Abstract->send(Object(Zend_Mail))
#2 D:\www\tresbien_group2\app\code\core\Mage\Core\Model\Email\Template.php(451): Zend_Mail->send()
#3 D:\www\tresbien_group2\app\code\core\Mage\Core\Model\Email\Template.php(508): Mage_Core_Model_Email_Template->send(Array, Array, Array)
#4 D:\www\tresbien_group2\app\code\core\Mage\Core\Model\Email\Template\Mailer.php(84): Mage_Core_Model_Email_Template->sendTransactional('customer_create...', 'general', Array, Array, Array, '1')
#5 D:\www\tresbien_group2\app\code\core\Mage\Customer\Model\Customer.php(680): Mage_Core_Model_Email_Template_Mailer->send()
#6 D:\www\tresbien_group2\app\code\core\Mage\Customer\Model\Customer.php(607): Mage_Customer_Model_Customer->_sendEmailTemplate('customer/create...', 'customer/create...', Array, '1')
#7 D:\www\tresbien_group2\app\code\core\Mage\Customer\controllers\AccountController.php(575): Mage_Customer_Model_Customer->sendNewAccountEmail('registered', '', '1')
#8 D:\www\tresbien_group2\app\code\core\Mage\Customer\controllers\AccountController.php(350): Mage_Customer_AccountController->_welcomeCustomer(Object(Mage_Customer_Model_Customer))
#9 D:\www\tresbien_group2\app\code\core\Mage\Customer\controllers\AccountController.php(303): Mage_Customer_AccountController->_successProcessRegistration(Object(Mage_Customer_Model_Customer))
#10 D:\www\tresbien_group2\app\code\core\Mage\Core\Controller\Varien\Action.php(418): Mage_Customer_AccountController->createPostAction()
#11 D:\www\tresbien_group2\app\code\core\Mage\Core\Controller\Varien\Router\Standard.php(254): Mage_Core_Controller_Varien_Action->dispatch('createpost')
#12 D:\www\tresbien_group2\app\code\core\Mage\Core\Controller\Varien\Front.php(172): Mage_Core_Controller_Varien_Router_Standard->match(Object(Mage_Core_Controller_Request_Http))
#13 D:\www\tresbien_group2\app\code\core\Mage\Core\Model\App.php(365): Mage_Core_Controller_Varien_Front->dispatch()
#14 D:\www\tresbien_group2\app\Mage.php(684): Mage_Core_Model_App->run(Array)
#15 D:\www\tresbien_group2\index.php(83): Mage::run('', 'store')
#16 {main}
2016-07-10T02:52:29+00:00 ERR (3): 
exception 'Mage_Core_Exception' with message 'Invalid block type: Mage_Magemenu_Block_Menuitem_List' in D:\www\tresbien_group2\app\Mage.php:595
Stack trace:
#0 D:\www\tresbien_group2\app\code\core\Mage\Core\Model\Layout.php(495): Mage::throwException('Invalid block t...')
#1 D:\www\tresbien_group2\app\code\core\Mage\Core\Model\Layout.php(437): Mage_Core_Model_Layout->_getBlockInstance('magemenu/menuit...', Array)
#2 D:\www\tresbien_group2\app\code\core\Mage\Core\Model\Layout.php(472): Mage_Core_Model_Layout->createBlock('magemenu/menuit...', 'magemenu.menu.t...')
#3 D:\www\tresbien_group2\app\code\core\Mage\Core\Model\Layout.php(239): Mage_Core_Model_Layout->addBlock('magemenu/menuit...', 'magemenu.menu.t...')
#4 D:\www\tresbien_group2\app\code\core\Mage\Core\Model\Layout.php(205): Mage_Core_Model_Layout->_generateBlock(Object(Mage_Core_Model_Layout_Element), Object(Mage_Core_Model_Layout_Element))
#5 D:\www\tresbien_group2\app\code\core\Mage\Core\Model\Layout.php(206): Mage_Core_Model_Layout->generateBlocks(Object(Mage_Core_Model_Layout_Element))
#6 D:\www\tresbien_group2\app\code\core\Mage\Core\Model\Layout.php(206): Mage_Core_Model_Layout->generateBlocks(Object(Mage_Core_Model_Layout_Element))
#7 D:\www\tresbien_group2\app\code\core\Mage\Core\Controller\Varien\Action.php(344): Mage_Core_Model_Layout->generateBlocks()
#8 D:\www\tresbien_group2\app\code\core\Mage\Cms\Helper\Page.php(113): Mage_Core_Controller_Varien_Action->generateLayoutBlocks()
#9 D:\www\tresbien_group2\app\code\core\Mage\Cms\Helper\Page.php(52): Mage_Cms_Helper_Page->_renderPage(Object(Mage_Cms_IndexController), 'home')
#10 D:\www\tresbien_group2\app\code\core\Mage\Cms\controllers\IndexController.php(45): Mage_Cms_Helper_Page->renderPage(Object(Mage_Cms_IndexController), 'home')
#11 D:\www\tresbien_group2\app\code\core\Mage\Core\Controller\Varien\Action.php(418): Mage_Cms_IndexController->indexAction()
#12 D:\www\tresbien_group2\app\code\core\Mage\Core\Controller\Varien\Router\Standard.php(254): Mage_Core_Controller_Varien_Action->dispatch('index')
#13 D:\www\tresbien_group2\app\code\core\Mage\Core\Controller\Varien\Front.php(172): Mage_Core_Controller_Varien_Router_Standard->match(Object(Mage_Core_Controller_Request_Http))
#14 D:\www\tresbien_group2\app\code\core\Mage\Core\Model\App.php(365): Mage_Core_Controller_Varien_Front->dispatch()
#15 D:\www\tresbien_group2\app\Mage.php(684): Mage_Core_Model_App->run(Array)
#16 D:\www\tresbien_group2\index.php(83): Mage::run('vn_tresbien', 'website')
#17 {main}
2016-07-10T02:52:29+00:00 ERR (3): 
exception 'Mage_Core_Exception' with message 'Invalid block type: Mage_Magemenu_Block_Menuitem_List' in D:\www\tresbien_group2\app\Mage.php:595
Stack trace:
#0 D:\www\tresbien_group2\app\code\core\Mage\Core\Model\Layout.php(495): Mage::throwException('Invalid block t...')
#1 D:\www\tresbien_group2\app\code\core\Mage\Core\Model\Layout.php(437): Mage_Core_Model_Layout->_getBlockInstance('magemenu/menuit...', Array)
#2 D:\www\tresbien_group2\app\code\core\Mage\Core\Model\Layout.php(472): Mage_Core_Model_Layout->createBlock('magemenu/menuit...', 'magemenu.menu.b...')
#3 D:\www\tresbien_group2\app\code\core\Mage\Core\Model\Layout.php(239): Mage_Core_Model_Layout->addBlock('magemenu/menuit...', 'magemenu.menu.b...')
#4 D:\www\tresbien_group2\app\code\core\Mage\Core\Model\Layout.php(205): Mage_Core_Model_Layout->_generateBlock(Object(Mage_Core_Model_Layout_Element), Object(Mage_Core_Model_Layout_Element))
#5 D:\www\tresbien_group2\app\code\core\Mage\Core\Model\Layout.php(206): Mage_Core_Model_Layout->generateBlocks(Object(Mage_Core_Model_Layout_Element))
#6 D:\www\tresbien_group2\app\code\core\Mage\Core\Model\Layout.php(206): Mage_Core_Model_Layout->generateBlocks(Object(Mage_Core_Model_Layout_Element))
#7 D:\www\tresbien_group2\app\code\core\Mage\Core\Controller\Varien\Action.php(344): Mage_Core_Model_Layout->generateBlocks()
#8 D:\www\tresbien_group2\app\code\core\Mage\Cms\Helper\Page.php(113): Mage_Core_Controller_Varien_Action->generateLayoutBlocks()
#9 D:\www\tresbien_group2\app\code\core\Mage\Cms\Helper\Page.php(52): Mage_Cms_Helper_Page->_renderPage(Object(Mage_Cms_IndexController), 'home')
#10 D:\www\tresbien_group2\app\code\core\Mage\Cms\controllers\IndexController.php(45): Mage_Cms_Helper_Page->renderPage(Object(Mage_Cms_IndexController), 'home')
#11 D:\www\tresbien_group2\app\code\core\Mage\Core\Controller\Varien\Action.php(418): Mage_Cms_IndexController->indexAction()
#12 D:\www\tresbien_group2\app\code\core\Mage\Core\Controller\Varien\Router\Standard.php(254): Mage_Core_Controller_Varien_Action->dispatch('index')
#13 D:\www\tresbien_group2\app\code\core\Mage\Core\Controller\Varien\Front.php(172): Mage_Core_Controller_Varien_Router_Standard->match(Object(Mage_Core_Controller_Request_Http))
#14 D:\www\tresbien_group2\app\code\core\Mage\Core\Model\App.php(365): Mage_Core_Controller_Varien_Front->dispatch()
#15 D:\www\tresbien_group2\app\Mage.php(684): Mage_Core_Model_App->run(Array)
#16 D:\www\tresbien_group2\index.php(83): Mage::run('vn_tresbien', 'website')
#17 {main}
2016-07-10T02:52:29+00:00 ERR (3): 
exception 'Mage_Core_Exception' with message 'Invalid block type: Mage_Megamenu_Block_List' in D:\www\tresbien_group2\app\Mage.php:595
Stack trace:
#0 D:\www\tresbien_group2\app\code\core\Mage\Core\Model\Layout.php(495): Mage::throwException('Invalid block t...')
#1 D:\www\tresbien_group2\app\code\core\Mage\Core\Model\Layout.php(437): Mage_Core_Model_Layout->_getBlockInstance('megamenu/list', Array)
#2 D:\www\tresbien_group2\app\code\core\Mage\Core\Model\Layout.php(472): Mage_Core_Model_Layout->createBlock('megamenu/list', 'megamenu.list.t...')
#3 D:\www\tresbien_group2\app\code\core\Mage\Core\Model\Layout.php(239): Mage_Core_Model_Layout->addBlock('megamenu/list', 'megamenu.list.t...')
#4 D:\www\tresbien_group2\app\code\core\Mage\Core\Model\Layout.php(205): Mage_Core_Model_Layout->_generateBlock(Object(Mage_Core_Model_Layout_Element), Object(Mage_Core_Model_Layout_Element))
#5 D:\www\tresbien_group2\app\code\core\Mage\Core\Model\Layout.php(210): Mage_Core_Model_Layout->generateBlocks(Object(Mage_Core_Model_Layout_Element))
#6 D:\www\tresbien_group2\app\code\core\Mage\Core\Model\Layout.php(206): Mage_Core_Model_Layout->generateBlocks(Object(Mage_Core_Model_Layout_Element))
#7 D:\www\tresbien_group2\app\code\core\Mage\Core\Controller\Varien\Action.php(344): Mage_Core_Model_Layout->generateBlocks()
#8 D:\www\tresbien_group2\app\code\core\Mage\Cms\Helper\Page.php(113): Mage_Core_Controller_Varien_Action->generateLayoutBlocks()
#9 D:\www\tresbien_group2\app\code\core\Mage\Cms\Helper\Page.php(52): Mage_Cms_Helper_Page->_renderPage(Object(Mage_Cms_IndexController), 'home')
#10 D:\www\tresbien_group2\app\code\core\Mage\Cms\controllers\IndexController.php(45): Mage_Cms_Helper_Page->renderPage(Object(Mage_Cms_IndexController), 'home')
#11 D:\www\tresbien_group2\app\code\core\Mage\Core\Controller\Varien\Action.php(418): Mage_Cms_IndexController->indexAction()
#12 D:\www\tresbien_group2\app\code\core\Mage\Core\Controller\Varien\Router\Standard.php(254): Mage_Core_Controller_Varien_Action->dispatch('index')
#13 D:\www\tresbien_group2\app\code\core\Mage\Core\Controller\Varien\Front.php(172): Mage_Core_Controller_Varien_Router_Standard->match(Object(Mage_Core_Controller_Request_Http))
#14 D:\www\tresbien_group2\app\code\core\Mage\Core\Model\App.php(365): Mage_Core_Controller_Varien_Front->dispatch()
#15 D:\www\tresbien_group2\app\Mage.php(684): Mage_Core_Model_App->run(Array)
#16 D:\www\tresbien_group2\index.php(83): Mage::run('vn_tresbien', 'website')
#17 {main}
2016-07-10T02:53:18+00:00 ERR (3): 
exception 'Mage_Core_Exception' with message 'Invalid block type: Mage_Magemenu_Block_Menuitem_List' in D:\www\tresbien_group2\app\Mage.php:595
Stack trace:
#0 D:\www\tresbien_group2\app\code\core\Mage\Core\Model\Layout.php(495): Mage::throwException('Invalid block t...')
#1 D:\www\tresbien_group2\app\code\core\Mage\Core\Model\Layout.php(437): Mage_Core_Model_Layout->_getBlockInstance('magemenu/menuit...', Array)
#2 D:\www\tresbien_group2\app\code\core\Mage\Core\Model\Layout.php(472): Mage_Core_Model_Layout->createBlock('magemenu/menuit...', 'magemenu.menu.t...')
#3 D:\www\tresbien_group2\app\code\core\Mage\Core\Model\Layout.php(239): Mage_Core_Model_Layout->addBlock('magemenu/menuit...', 'magemenu.menu.t...')
#4 D:\www\tresbien_group2\app\code\core\Mage\Core\Model\Layout.php(205): Mage_Core_Model_Layout->_generateBlock(Object(Mage_Core_Model_Layout_Element), Object(Mage_Core_Model_Layout_Element))
#5 D:\www\tresbien_group2\app\code\core\Mage\Core\Model\Layout.php(206): Mage_Core_Model_Layout->generateBlocks(Object(Mage_Core_Model_Layout_Element))
#6 D:\www\tresbien_group2\app\code\core\Mage\Core\Model\Layout.php(206): Mage_Core_Model_Layout->generateBlocks(Object(Mage_Core_Model_Layout_Element))
#7 D:\www\tresbien_group2\app\code\core\Mage\Core\Controller\Varien\Action.php(344): Mage_Core_Model_Layout->generateBlocks()
#8 D:\www\tresbien_group2\app\code\core\Mage\Cms\Helper\Page.php(113): Mage_Core_Controller_Varien_Action->generateLayoutBlocks()
#9 D:\www\tresbien_group2\app\code\core\Mage\Cms\Helper\Page.php(52): Mage_Cms_Helper_Page->_renderPage(Object(Mage_Cms_IndexController), 'home')
#10 D:\www\tresbien_group2\app\code\core\Mage\Cms\controllers\IndexController.php(45): Mage_Cms_Helper_Page->renderPage(Object(Mage_Cms_IndexController), 'home')
#11 D:\www\tresbien_group2\app\code\core\Mage\Core\Controller\Varien\Action.php(418): Mage_Cms_IndexController->indexAction()
#12 D:\www\tresbien_group2\app\code\core\Mage\Core\Controller\Varien\Router\Standard.php(254): Mage_Core_Controller_Varien_Action->dispatch('index')
#13 D:\www\tresbien_group2\app\code\core\Mage\Core\Controller\Varien\Front.php(172): Mage_Core_Controller_Varien_Router_Standard->match(Object(Mage_Core_Controller_Request_Http))
#14 D:\www\tresbien_group2\app\code\core\Mage\Core\Model\App.php(365): Mage_Core_Controller_Varien_Front->dispatch()
#15 D:\www\tresbien_group2\app\Mage.php(684): Mage_Core_Model_App->run(Array)
#16 D:\www\tresbien_group2\index.php(83): Mage::run('vn_tresbien', 'website')
#17 {main}
2016-07-10T02:53:18+00:00 ERR (3): 
exception 'Mage_Core_Exception' with message 'Invalid block type: Mage_Magemenu_Block_Menuitem_List' in D:\www\tresbien_group2\app\Mage.php:595
Stack trace:
#0 D:\www\tresbien_group2\app\code\core\Mage\Core\Model\Layout.php(495): Mage::throwException('Invalid block t...')
#1 D:\www\tresbien_group2\app\code\core\Mage\Core\Model\Layout.php(437): Mage_Core_Model_Layout->_getBlockInstance('magemenu/menuit...', Array)
#2 D:\www\tresbien_group2\app\code\core\Mage\Core\Model\Layout.php(472): Mage_Core_Model_Layout->createBlock('magemenu/menuit...', 'magemenu.menu.b...')
#3 D:\www\tresbien_group2\app\code\core\Mage\Core\Model\Layout.php(239): Mage_Core_Model_Layout->addBlock('magemenu/menuit...', 'magemenu.menu.b...')
#4 D:\www\tresbien_group2\app\code\core\Mage\Core\Model\Layout.php(205): Mage_Core_Model_Layout->_generateBlock(Object(Mage_Core_Model_Layout_Element), Object(Mage_Core_Model_Layout_Element))
#5 D:\www\tresbien_group2\app\code\core\Mage\Core\Model\Layout.php(206): Mage_Core_Model_Layout->generateBlocks(Object(Mage_Core_Model_Layout_Element))
#6 D:\www\tresbien_group2\app\code\core\Mage\Core\Model\Layout.php(206): Mage_Core_Model_Layout->generateBlocks(Object(Mage_Core_Model_Layout_Element))
#7 D:\www\tresbien_group2\app\code\core\Mage\Core\Controller\Varien\Action.php(344): Mage_Core_Model_Layout->generateBlocks()
#8 D:\www\tresbien_group2\app\code\core\Mage\Cms\Helper\Page.php(113): Mage_Core_Controller_Varien_Action->generateLayoutBlocks()
#9 D:\www\tresbien_group2\app\code\core\Mage\Cms\Helper\Page.php(52): Mage_Cms_Helper_Page->_renderPage(Object(Mage_Cms_IndexController), 'home')
#10 D:\www\tresbien_group2\app\code\core\Mage\Cms\controllers\IndexController.php(45): Mage_Cms_Helper_Page->renderPage(Object(Mage_Cms_IndexController), 'home')
#11 D:\www\tresbien_group2\app\code\core\Mage\Core\Controller\Varien\Action.php(418): Mage_Cms_IndexController->indexAction()
#12 D:\www\tresbien_group2\app\code\core\Mage\Core\Controller\Varien\Router\Standard.php(254): Mage_Core_Controller_Varien_Action->dispatch('index')
#13 D:\www\tresbien_group2\app\code\core\Mage\Core\Controller\Varien\Front.php(172): Mage_Core_Controller_Varien_Router_Standard->match(Object(Mage_Core_Controller_Request_Http))
#14 D:\www\tresbien_group2\app\code\core\Mage\Core\Model\App.php(365): Mage_Core_Controller_Varien_Front->dispatch()
#15 D:\www\tresbien_group2\app\Mage.php(684): Mage_Core_Model_App->run(Array)
#16 D:\www\tresbien_group2\index.php(83): Mage::run('vn_tresbien', 'website')
#17 {main}
2016-07-10T02:53:18+00:00 ERR (3): 
exception 'Mage_Core_Exception' with message 'Invalid block type: Mage_Megamenu_Block_List' in D:\www\tresbien_group2\app\Mage.php:595
Stack trace:
#0 D:\www\tresbien_group2\app\code\core\Mage\Core\Model\Layout.php(495): Mage::throwException('Invalid block t...')
#1 D:\www\tresbien_group2\app\code\core\Mage\Core\Model\Layout.php(437): Mage_Core_Model_Layout->_getBlockInstance('megamenu/list', Array)
#2 D:\www\tresbien_group2\app\code\core\Mage\Core\Model\Layout.php(472): Mage_Core_Model_Layout->createBlock('megamenu/list', 'megamenu.list.t...')
#3 D:\www\tresbien_group2\app\code\core\Mage\Core\Model\Layout.php(239): Mage_Core_Model_Layout->addBlock('megamenu/list', 'megamenu.list.t...')
#4 D:\www\tresbien_group2\app\code\core\Mage\Core\Model\Layout.php(205): Mage_Core_Model_Layout->_generateBlock(Object(Mage_Core_Model_Layout_Element), Object(Mage_Core_Model_Layout_Element))
#5 D:\www\tresbien_group2\app\code\core\Mage\Core\Model\Layout.php(210): Mage_Core_Model_Layout->generateBlocks(Object(Mage_Core_Model_Layout_Element))
#6 D:\www\tresbien_group2\app\code\core\Mage\Core\Model\Layout.php(206): Mage_Core_Model_Layout->generateBlocks(Object(Mage_Core_Model_Layout_Element))
#7 D:\www\tresbien_group2\app\code\core\Mage\Core\Controller\Varien\Action.php(344): Mage_Core_Model_Layout->generateBlocks()
#8 D:\www\tresbien_group2\app\code\core\Mage\Cms\Helper\Page.php(113): Mage_Core_Controller_Varien_Action->generateLayoutBlocks()
#9 D:\www\tresbien_group2\app\code\core\Mage\Cms\Helper\Page.php(52): Mage_Cms_Helper_Page->_renderPage(Object(Mage_Cms_IndexController), 'home')
#10 D:\www\tresbien_group2\app\code\core\Mage\Cms\controllers\IndexController.php(45): Mage_Cms_Helper_Page->renderPage(Object(Mage_Cms_IndexController), 'home')
#11 D:\www\tresbien_group2\app\code\core\Mage\Core\Controller\Varien\Action.php(418): Mage_Cms_IndexController->indexAction()
#12 D:\www\tresbien_group2\app\code\core\Mage\Core\Controller\Varien\Router\Standard.php(254): Mage_Core_Controller_Varien_Action->dispatch('index')
#13 D:\www\tresbien_group2\app\code\core\Mage\Core\Controller\Varien\Front.php(172): Mage_Core_Controller_Varien_Router_Standard->match(Object(Mage_Core_Controller_Request_Http))
#14 D:\www\tresbien_group2\app\code\core\Mage\Core\Model\App.php(365): Mage_Core_Controller_Varien_Front->dispatch()
#15 D:\www\tresbien_group2\app\Mage.php(684): Mage_Core_Model_App->run(Array)
#16 D:\www\tresbien_group2\index.php(83): Mage::run('vn_tresbien', 'website')
#17 {main}
