2016-07-09T04:37:59+00:00 ERR (3): Notice: Undefined property: stdClass::$colw1  in D:\www\tresbien_group2\lib\megamenu\mega.class.php on line 344
2016-07-09T04:37:59+00:00 ERR (3): Notice: Undefined property: stdClass::$colw1  in D:\www\tresbien_group2\lib\megamenu\mega.class.php on line 344
2016-07-09T04:38:54+00:00 ERR (3): Notice: Undefined property: stdClass::$colw1  in D:\www\tresbien_group2\lib\megamenu\mega.class.php on line 344
2016-07-09T04:38:54+00:00 ERR (3): Notice: Undefined property: stdClass::$colw1  in D:\www\tresbien_group2\lib\megamenu\mega.class.php on line 344
2016-07-09T04:38:58+00:00 ERR (3): Notice: Undefined property: stdClass::$colw1  in D:\www\tresbien_group2\lib\megamenu\mega.class.php on line 344
2016-07-09T04:38:58+00:00 ERR (3): Notice: Undefined property: stdClass::$colw1  in D:\www\tresbien_group2\lib\megamenu\mega.class.php on line 344
2016-07-09T07:52:54+00:00 ERR (3): Notice: Undefined property: stdClass::$colw1  in D:\www\tresbien_group2\lib\megamenu\mega.class.php on line 344
2016-07-09T07:52:54+00:00 ERR (3): Notice: Undefined property: stdClass::$colw1  in D:\www\tresbien_group2\lib\megamenu\mega.class.php on line 344
2016-07-09T07:52:56+00:00 ERR (3): Notice: Undefined property: stdClass::$colw1  in D:\www\tresbien_group2\lib\megamenu\mega.class.php on line 344
2016-07-09T07:52:56+00:00 ERR (3): Notice: Undefined property: stdClass::$colw1  in D:\www\tresbien_group2\lib\megamenu\mega.class.php on line 344
2016-07-09T07:53:02+00:00 ERR (3): Notice: Undefined property: stdClass::$colw1  in D:\www\tresbien_group2\lib\megamenu\mega.class.php on line 344
2016-07-09T07:53:02+00:00 ERR (3): Notice: Undefined property: stdClass::$colw1  in D:\www\tresbien_group2\lib\megamenu\mega.class.php on line 344
2016-07-09T07:54:24+00:00 ERR (3): Notice: Undefined property: stdClass::$colw1  in D:\www\tresbien_group2\lib\megamenu\mega.class.php on line 344
2016-07-09T07:54:24+00:00 ERR (3): Notice: Undefined property: stdClass::$colw1  in D:\www\tresbien_group2\lib\megamenu\mega.class.php on line 344
2016-07-09T07:54:43+00:00 ERR (3): Notice: Undefined property: stdClass::$colw1  in D:\www\tresbien_group2\lib\megamenu\mega.class.php on line 344
2016-07-09T07:54:43+00:00 ERR (3): Notice: Undefined property: stdClass::$colw1  in D:\www\tresbien_group2\lib\megamenu\mega.class.php on line 344
2016-07-09T07:55:15+00:00 ERR (3): Notice: Undefined property: stdClass::$colw1  in D:\www\tresbien_group2\lib\megamenu\mega.class.php on line 344
2016-07-09T07:55:15+00:00 ERR (3): Notice: Undefined property: stdClass::$colw1  in D:\www\tresbien_group2\lib\megamenu\mega.class.php on line 344
2016-07-09T07:55:27+00:00 ERR (3): Notice: Undefined property: stdClass::$colw1  in D:\www\tresbien_group2\lib\megamenu\mega.class.php on line 344
2016-07-09T07:55:27+00:00 ERR (3): Notice: Undefined property: stdClass::$colw1  in D:\www\tresbien_group2\lib\megamenu\mega.class.php on line 344
2016-07-09T07:57:44+00:00 ERR (3): Notice: Undefined property: stdClass::$colw1  in D:\www\tresbien_group2\lib\megamenu\mega.class.php on line 344
2016-07-09T07:57:44+00:00 ERR (3): Notice: Undefined property: stdClass::$colw1  in D:\www\tresbien_group2\lib\megamenu\mega.class.php on line 344
2016-07-09T08:03:11+00:00 ERR (3): Notice: Undefined property: stdClass::$colw1  in D:\www\tresbien_group2\lib\megamenu\mega.class.php on line 344
2016-07-09T08:03:11+00:00 ERR (3): Notice: Undefined property: stdClass::$colw1  in D:\www\tresbien_group2\lib\megamenu\mega.class.php on line 344
2016-07-09T08:18:03+00:00 ERR (3): Notice: Undefined property: stdClass::$colw1  in D:\www\tresbien_group2\lib\megamenu\mega.class.php on line 344
2016-07-09T08:18:03+00:00 ERR (3): Notice: Undefined property: stdClass::$colw1  in D:\www\tresbien_group2\lib\megamenu\mega.class.php on line 344
2016-07-09T08:18:27+00:00 ERR (3): Notice: Undefined property: stdClass::$colw1  in D:\www\tresbien_group2\lib\megamenu\mega.class.php on line 344
2016-07-09T08:18:27+00:00 ERR (3): Notice: Undefined property: stdClass::$colw1  in D:\www\tresbien_group2\lib\megamenu\mega.class.php on line 344
2016-07-09T08:18:46+00:00 ERR (3): Notice: Undefined property: stdClass::$colw1  in D:\www\tresbien_group2\lib\megamenu\mega.class.php on line 344
2016-07-09T08:18:46+00:00 ERR (3): Notice: Undefined property: stdClass::$colw1  in D:\www\tresbien_group2\lib\megamenu\mega.class.php on line 344
2016-07-09T08:19:23+00:00 ERR (3): Notice: Undefined property: stdClass::$colw1  in D:\www\tresbien_group2\lib\megamenu\mega.class.php on line 344
2016-07-09T08:19:23+00:00 ERR (3): Notice: Undefined property: stdClass::$colw1  in D:\www\tresbien_group2\lib\megamenu\mega.class.php on line 344
2016-07-09T08:23:18+00:00 ERR (3): Notice: Undefined property: stdClass::$colw1  in D:\www\tresbien_group2\lib\megamenu\mega.class.php on line 344
2016-07-09T08:23:18+00:00 ERR (3): Notice: Undefined property: stdClass::$colw1  in D:\www\tresbien_group2\lib\megamenu\mega.class.php on line 344
2016-07-09T08:23:29+00:00 ERR (3): Notice: Undefined property: stdClass::$colw1  in D:\www\tresbien_group2\lib\megamenu\mega.class.php on line 344
2016-07-09T08:23:29+00:00 ERR (3): Notice: Undefined property: stdClass::$colw1  in D:\www\tresbien_group2\lib\megamenu\mega.class.php on line 344
2016-07-09T08:23:47+00:00 ERR (3): Notice: Undefined property: stdClass::$colw1  in D:\www\tresbien_group2\lib\megamenu\mega.class.php on line 344
2016-07-09T08:23:47+00:00 ERR (3): Notice: Undefined property: stdClass::$colw1  in D:\www\tresbien_group2\lib\megamenu\mega.class.php on line 344
2016-07-09T08:23:51+00:00 ERR (3): Notice: Undefined property: stdClass::$colw1  in D:\www\tresbien_group2\lib\megamenu\mega.class.php on line 344
2016-07-09T08:23:51+00:00 ERR (3): Notice: Undefined property: stdClass::$colw1  in D:\www\tresbien_group2\lib\megamenu\mega.class.php on line 344
2016-07-09T08:24:13+00:00 ERR (3): Notice: Undefined variable: listfake  in D:\www\tresbien_group2\app\code\local\Wavethemes\Jmmegamenu\Block\Adminhtml\Jmmegamenu\Grid.php on line 69
2016-07-09T08:24:13+00:00 ERR (3): Warning: Missing argument 1 for Wavethemes_Jmmegamenu_Block_Adminhtml_Jmmegamenu_Grid::getCurPage(), called in D:\www\tresbien_group2\app\design\adminhtml\default\default\template\widget\gridmenu.phtml on line 62 and defined  in D:\www\tresbien_group2\app\code\local\Wavethemes\Jmmegamenu\Block\Adminhtml\Jmmegamenu\Grid.php on line 46
2016-07-09T08:24:13+00:00 ERR (3): Warning: Missing argument 1 for Wavethemes_Jmmegamenu_Block_Adminhtml_Jmmegamenu_Grid::getLastPage(), called in D:\www\tresbien_group2\app\design\adminhtml\default\default\template\widget\gridmenu.phtml on line 63 and defined  in D:\www\tresbien_group2\app\code\local\Wavethemes\Jmmegamenu\Block\Adminhtml\Jmmegamenu\Grid.php on line 51
2016-07-09T08:24:13+00:00 ERR (3): Warning: Missing argument 1 for Wavethemes_Jmmegamenu_Block_Adminhtml_Jmmegamenu_Grid::getLastPage(), called in D:\www\tresbien_group2\app\design\adminhtml\default\default\template\widget\gridmenu.phtml on line 78 and defined  in D:\www\tresbien_group2\app\code\local\Wavethemes\Jmmegamenu\Block\Adminhtml\Jmmegamenu\Grid.php on line 51
2016-07-09T08:24:13+00:00 ERR (3): Warning: Invalid argument supplied for foreach()  in D:\www\tresbien_group2\app\design\adminhtml\default\default\template\widget\gridmenu.phtml on line 171
2016-07-09T08:24:13+00:00 ERR (3): Warning: Invalid argument supplied for foreach()  in D:\www\tresbien_group2\app\design\adminhtml\default\default\template\widget\gridmenu.phtml on line 171
2016-07-09T08:24:32+00:00 ERR (3): Warning: Missing argument 1 for Wavethemes_Jmmegamenu_Block_Adminhtml_Jmmegamenu_Grid::getCurPage(), called in D:\www\tresbien_group2\app\design\adminhtml\default\default\template\widget\gridmenu.phtml on line 62 and defined  in D:\www\tresbien_group2\app\code\local\Wavethemes\Jmmegamenu\Block\Adminhtml\Jmmegamenu\Grid.php on line 46
2016-07-09T08:24:32+00:00 ERR (3): Warning: Missing argument 1 for Wavethemes_Jmmegamenu_Block_Adminhtml_Jmmegamenu_Grid::getLastPage(), called in D:\www\tresbien_group2\app\design\adminhtml\default\default\template\widget\gridmenu.phtml on line 63 and defined  in D:\www\tresbien_group2\app\code\local\Wavethemes\Jmmegamenu\Block\Adminhtml\Jmmegamenu\Grid.php on line 51
2016-07-09T08:24:32+00:00 ERR (3): Warning: Missing argument 1 for Wavethemes_Jmmegamenu_Block_Adminhtml_Jmmegamenu_Grid::getLastPage(), called in D:\www\tresbien_group2\app\design\adminhtml\default\default\template\widget\gridmenu.phtml on line 78 and defined  in D:\www\tresbien_group2\app\code\local\Wavethemes\Jmmegamenu\Block\Adminhtml\Jmmegamenu\Grid.php on line 51
2016-07-09T08:24:38+00:00 ERR (3): Notice: Undefined property: stdClass::$colw1  in D:\www\tresbien_group2\lib\megamenu\mega.class.php on line 344
2016-07-09T08:24:38+00:00 ERR (3): Notice: Undefined property: stdClass::$colw1  in D:\www\tresbien_group2\lib\megamenu\mega.class.php on line 344
2016-07-09T08:25:01+00:00 ERR (3): Notice: Undefined variable: listfake  in D:\www\tresbien_group2\app\code\local\Wavethemes\Jmmegamenu\Block\Adminhtml\Jmmegamenu\Grid.php on line 69
2016-07-09T08:25:01+00:00 ERR (3): Warning: Missing argument 1 for Wavethemes_Jmmegamenu_Block_Adminhtml_Jmmegamenu_Grid::getCurPage(), called in D:\www\tresbien_group2\app\design\adminhtml\default\default\template\widget\gridmenu.phtml on line 62 and defined  in D:\www\tresbien_group2\app\code\local\Wavethemes\Jmmegamenu\Block\Adminhtml\Jmmegamenu\Grid.php on line 46
2016-07-09T08:25:01+00:00 ERR (3): Warning: Missing argument 1 for Wavethemes_Jmmegamenu_Block_Adminhtml_Jmmegamenu_Grid::getLastPage(), called in D:\www\tresbien_group2\app\design\adminhtml\default\default\template\widget\gridmenu.phtml on line 63 and defined  in D:\www\tresbien_group2\app\code\local\Wavethemes\Jmmegamenu\Block\Adminhtml\Jmmegamenu\Grid.php on line 51
2016-07-09T08:25:01+00:00 ERR (3): Warning: Missing argument 1 for Wavethemes_Jmmegamenu_Block_Adminhtml_Jmmegamenu_Grid::getLastPage(), called in D:\www\tresbien_group2\app\design\adminhtml\default\default\template\widget\gridmenu.phtml on line 78 and defined  in D:\www\tresbien_group2\app\code\local\Wavethemes\Jmmegamenu\Block\Adminhtml\Jmmegamenu\Grid.php on line 51
2016-07-09T08:25:01+00:00 ERR (3): Warning: Invalid argument supplied for foreach()  in D:\www\tresbien_group2\app\design\adminhtml\default\default\template\widget\gridmenu.phtml on line 171
2016-07-09T08:25:01+00:00 ERR (3): Warning: Invalid argument supplied for foreach()  in D:\www\tresbien_group2\app\design\adminhtml\default\default\template\widget\gridmenu.phtml on line 171
2016-07-09T08:25:04+00:00 ERR (3): Warning: Missing argument 3 for Mage_Adminhtml_Block_Widget_Container::_updateButton(), called in D:\www\tresbien_group2\app\code\local\Wavethemes\Jmmegamenu\Block\Adminhtml\Jmmegamenu\Edit.php on line 22 and defined  in D:\www\tresbien_group2\app\code\core\Mage\Adminhtml\Block\Widget\Container.php on line 138
2016-07-09T08:25:04+00:00 ERR (3): Warning: Illegal offset type  in D:\www\tresbien_group2\app\code\core\Mage\Adminhtml\Block\Widget\Container.php on line 150
2016-07-09T08:25:04+00:00 ERR (3): Notice: Undefined variable: data  in D:\www\tresbien_group2\app\code\core\Mage\Adminhtml\Block\Widget\Container.php on line 150
2016-07-09T08:27:47+00:00 ERR (3): Notice: Undefined variable: listfake  in D:\www\tresbien_group2\app\code\local\Wavethemes\Jmmegamenu\Block\Adminhtml\Jmmegamenu\Grid.php on line 69
2016-07-09T08:27:47+00:00 ERR (3): Warning: Missing argument 1 for Wavethemes_Jmmegamenu_Block_Adminhtml_Jmmegamenu_Grid::getCurPage(), called in D:\www\tresbien_group2\app\design\adminhtml\default\default\template\widget\gridmenu.phtml on line 62 and defined  in D:\www\tresbien_group2\app\code\local\Wavethemes\Jmmegamenu\Block\Adminhtml\Jmmegamenu\Grid.php on line 46
2016-07-09T08:27:47+00:00 ERR (3): Warning: Missing argument 1 for Wavethemes_Jmmegamenu_Block_Adminhtml_Jmmegamenu_Grid::getLastPage(), called in D:\www\tresbien_group2\app\design\adminhtml\default\default\template\widget\gridmenu.phtml on line 63 and defined  in D:\www\tresbien_group2\app\code\local\Wavethemes\Jmmegamenu\Block\Adminhtml\Jmmegamenu\Grid.php on line 51
2016-07-09T08:27:47+00:00 ERR (3): Warning: Missing argument 1 for Wavethemes_Jmmegamenu_Block_Adminhtml_Jmmegamenu_Grid::getLastPage(), called in D:\www\tresbien_group2\app\design\adminhtml\default\default\template\widget\gridmenu.phtml on line 78 and defined  in D:\www\tresbien_group2\app\code\local\Wavethemes\Jmmegamenu\Block\Adminhtml\Jmmegamenu\Grid.php on line 51
2016-07-09T08:27:47+00:00 ERR (3): Warning: Invalid argument supplied for foreach()  in D:\www\tresbien_group2\app\design\adminhtml\default\default\template\widget\gridmenu.phtml on line 171
2016-07-09T08:27:47+00:00 ERR (3): Warning: Invalid argument supplied for foreach()  in D:\www\tresbien_group2\app\design\adminhtml\default\default\template\widget\gridmenu.phtml on line 171
2016-07-09T08:27:58+00:00 ERR (3): Notice: Undefined property: stdClass::$colw1  in D:\www\tresbien_group2\lib\megamenu\mega.class.php on line 344
2016-07-09T08:27:58+00:00 ERR (3): Notice: Undefined property: stdClass::$colw1  in D:\www\tresbien_group2\lib\megamenu\mega.class.php on line 344
2016-07-09T08:28:02+00:00 ERR (3): Notice: Undefined property: stdClass::$colw1  in D:\www\tresbien_group2\lib\megamenu\mega.class.php on line 344
2016-07-09T08:28:02+00:00 ERR (3): Notice: Undefined property: stdClass::$colw1  in D:\www\tresbien_group2\lib\megamenu\mega.class.php on line 344
2016-07-09T08:34:43+00:00 ERR (3): Warning: Missing argument 3 for Mage_Adminhtml_Block_Widget_Container::_updateButton(), called in D:\www\tresbien_group2\app\code\local\Wavethemes\Jmmegamenu\Block\Adminhtml\Jmmegamenu\Edit.php on line 22 and defined  in D:\www\tresbien_group2\app\code\core\Mage\Adminhtml\Block\Widget\Container.php on line 138
2016-07-09T08:34:43+00:00 ERR (3): Warning: Illegal offset type  in D:\www\tresbien_group2\app\code\core\Mage\Adminhtml\Block\Widget\Container.php on line 150
2016-07-09T08:34:43+00:00 ERR (3): Notice: Undefined variable: data  in D:\www\tresbien_group2\app\code\core\Mage\Adminhtml\Block\Widget\Container.php on line 150
2016-07-09T08:34:48+00:00 ERR (3): Notice: Undefined variable: listfake  in D:\www\tresbien_group2\app\code\local\Wavethemes\Jmmegamenu\Block\Adminhtml\Jmmegamenu\Grid.php on line 69
2016-07-09T08:34:48+00:00 ERR (3): Warning: Missing argument 1 for Wavethemes_Jmmegamenu_Block_Adminhtml_Jmmegamenu_Grid::getCurPage(), called in D:\www\tresbien_group2\app\design\adminhtml\default\default\template\widget\gridmenu.phtml on line 62 and defined  in D:\www\tresbien_group2\app\code\local\Wavethemes\Jmmegamenu\Block\Adminhtml\Jmmegamenu\Grid.php on line 46
2016-07-09T08:34:48+00:00 ERR (3): Warning: Missing argument 1 for Wavethemes_Jmmegamenu_Block_Adminhtml_Jmmegamenu_Grid::getLastPage(), called in D:\www\tresbien_group2\app\design\adminhtml\default\default\template\widget\gridmenu.phtml on line 63 and defined  in D:\www\tresbien_group2\app\code\local\Wavethemes\Jmmegamenu\Block\Adminhtml\Jmmegamenu\Grid.php on line 51
2016-07-09T08:34:48+00:00 ERR (3): Warning: Missing argument 1 for Wavethemes_Jmmegamenu_Block_Adminhtml_Jmmegamenu_Grid::getLastPage(), called in D:\www\tresbien_group2\app\design\adminhtml\default\default\template\widget\gridmenu.phtml on line 78 and defined  in D:\www\tresbien_group2\app\code\local\Wavethemes\Jmmegamenu\Block\Adminhtml\Jmmegamenu\Grid.php on line 51
2016-07-09T08:34:48+00:00 ERR (3): Warning: Invalid argument supplied for foreach()  in D:\www\tresbien_group2\app\design\adminhtml\default\default\template\widget\gridmenu.phtml on line 171
2016-07-09T08:34:48+00:00 ERR (3): Warning: Invalid argument supplied for foreach()  in D:\www\tresbien_group2\app\design\adminhtml\default\default\template\widget\gridmenu.phtml on line 171
2016-07-09T08:35:11+00:00 ERR (3): Notice: Undefined variable: children  in D:\www\tresbien_group2\lib\megamenu\mega.class.php on line 110
2016-07-09T08:42:17+00:00 ERR (3): Notice: Undefined variable: children  in D:\www\tresbien_group2\lib\megamenu\mega.class.php on line 110
2016-07-09T09:12:31+00:00 ERR (3): Notice: Undefined variable: children  in D:\www\tresbien_group2\lib\megamenu\mega.class.php on line 110
2016-07-09T09:13:20+00:00 ERR (3): Notice: Undefined variable: children  in D:\www\tresbien_group2\lib\megamenu\mega.class.php on line 110
2016-07-09T09:19:52+00:00 ERR (3): Notice: Undefined variable: children  in D:\www\tresbien_group2\lib\megamenu\mega.class.php on line 110
2016-07-09T09:21:41+00:00 ERR (3): Notice: Undefined variable: children  in D:\www\tresbien_group2\lib\megamenu\mega.class.php on line 110
2016-07-09T09:24:43+00:00 ERR (3): Notice: Undefined variable: children  in D:\www\tresbien_group2\lib\megamenu\mega.class.php on line 110
2016-07-09T09:25:17+00:00 ERR (3): Notice: Undefined variable: children  in D:\www\tresbien_group2\lib\megamenu\mega.class.php on line 110
2016-07-09T09:27:57+00:00 ERR (3): Notice: Undefined variable: children  in D:\www\tresbien_group2\lib\megamenu\mega.class.php on line 110
2016-07-09T09:35:00+00:00 ERR (3): Notice: Undefined variable: children  in D:\www\tresbien_group2\lib\megamenu\mega.class.php on line 110
2016-07-09T09:35:52+00:00 ERR (3): Notice: Undefined variable: children  in D:\www\tresbien_group2\lib\megamenu\mega.class.php on line 110
2016-07-09T09:36:38+00:00 ERR (3): Notice: Undefined variable: children  in D:\www\tresbien_group2\lib\megamenu\mega.class.php on line 110
2016-07-09T09:36:51+00:00 ERR (3): Notice: Undefined variable: children  in D:\www\tresbien_group2\lib\megamenu\mega.class.php on line 110
2016-07-09T09:37:05+00:00 ERR (3): Notice: Undefined variable: children  in D:\www\tresbien_group2\lib\megamenu\mega.class.php on line 110
2016-07-09T09:37:12+00:00 ERR (3): Notice: Undefined variable: children  in D:\www\tresbien_group2\lib\megamenu\mega.class.php on line 110
2016-07-09T09:37:32+00:00 ERR (3): Notice: Undefined variable: children  in D:\www\tresbien_group2\lib\megamenu\mega.class.php on line 110
2016-07-09T09:45:21+00:00 ERR (3): Notice: Undefined variable: children  in D:\www\tresbien_group2\lib\megamenu\mega.class.php on line 110
2016-07-09T10:11:32+00:00 ERR (3): Notice: Undefined variable: children  in D:\www\tresbien_group2\lib\megamenu\mega.class.php on line 110
2016-07-09T10:17:48+00:00 ERR (3): Notice: Undefined variable: children  in D:\www\tresbien_group2\lib\megamenu\mega.class.php on line 110
2016-07-09T10:25:00+00:00 ERR (3): Notice: Undefined variable: children  in D:\www\tresbien_group2\lib\megamenu\mega.class.php on line 110
2016-07-09T10:25:20+00:00 ERR (3): Notice: Undefined variable: children  in D:\www\tresbien_group2\lib\megamenu\mega.class.php on line 110
2016-07-09T10:25:23+00:00 ERR (3): Notice: Undefined variable: children  in D:\www\tresbien_group2\lib\megamenu\mega.class.php on line 110
2016-07-09T11:37:55+00:00 ERR (3): Warning: simplexml_load_string(): Entity: line 2: parser error : Start tag expected, '&lt;' not found  in D:\www\tresbien_group2\app\code\core\Mage\Core\Model\Layout\Update.php on line 450
2016-07-09T11:43:49+00:00 ERR (3): Warning: simplexml_load_string(): Entity: line 42: parser error : Opening and ending tag mismatch: block line 7 and default  in D:\www\tresbien_group2\app\code\core\Mage\Core\Model\Layout\Update.php on line 450
2016-07-09T11:43:49+00:00 ERR (3): Warning: simplexml_load_string():     &lt;/default&gt;  in D:\www\tresbien_group2\app\code\core\Mage\Core\Model\Layout\Update.php on line 450
2016-07-09T11:43:49+00:00 ERR (3): Warning: simplexml_load_string():               ^  in D:\www\tresbien_group2\app\code\core\Mage\Core\Model\Layout\Update.php on line 450
2016-07-09T11:43:49+00:00 ERR (3): Warning: simplexml_load_string(): Entity: line 43: parser error : Opening and ending tag mismatch: block line 5 and layout  in D:\www\tresbien_group2\app\code\core\Mage\Core\Model\Layout\Update.php on line 450
2016-07-09T11:43:49+00:00 ERR (3): Warning: simplexml_load_string(): &lt;/layout&gt;  in D:\www\tresbien_group2\app\code\core\Mage\Core\Model\Layout\Update.php on line 450
2016-07-09T11:43:49+00:00 ERR (3): Warning: simplexml_load_string():          ^  in D:\www\tresbien_group2\app\code\core\Mage\Core\Model\Layout\Update.php on line 450
2016-07-09T11:43:49+00:00 ERR (3): Warning: simplexml_load_string(): Entity: line 44: parser error : Premature end of data in tag default line 3  in D:\www\tresbien_group2\app\code\core\Mage\Core\Model\Layout\Update.php on line 450
2016-07-09T11:43:49+00:00 ERR (3): Warning: simplexml_load_string(): Entity: line 44: parser error : Premature end of data in tag layout line 2  in D:\www\tresbien_group2\app\code\core\Mage\Core\Model\Layout\Update.php on line 450
2016-07-09T12:16:43+00:00 ERR (3): Warning: simplexml_load_string(): Entity: line 25: parser error : Opening and ending tag mismatch: block line 7 and default  in D:\www\tresbien_group2\app\code\core\Mage\Core\Model\Layout\Update.php on line 450
2016-07-09T12:16:43+00:00 ERR (3): Warning: simplexml_load_string():     &lt;/default&gt;  in D:\www\tresbien_group2\app\code\core\Mage\Core\Model\Layout\Update.php on line 450
2016-07-09T12:16:43+00:00 ERR (3): Warning: simplexml_load_string():               ^  in D:\www\tresbien_group2\app\code\core\Mage\Core\Model\Layout\Update.php on line 450
2016-07-09T12:16:43+00:00 ERR (3): Warning: simplexml_load_string(): Entity: line 26: parser error : Opening and ending tag mismatch: block line 5 and layout  in D:\www\tresbien_group2\app\code\core\Mage\Core\Model\Layout\Update.php on line 450
2016-07-09T12:16:43+00:00 ERR (3): Warning: simplexml_load_string(): &lt;/layout&gt;  in D:\www\tresbien_group2\app\code\core\Mage\Core\Model\Layout\Update.php on line 450
2016-07-09T12:16:43+00:00 ERR (3): Warning: simplexml_load_string():          ^  in D:\www\tresbien_group2\app\code\core\Mage\Core\Model\Layout\Update.php on line 450
2016-07-09T12:16:43+00:00 ERR (3): Warning: simplexml_load_string(): Entity: line 27: parser error : Premature end of data in tag default line 3  in D:\www\tresbien_group2\app\code\core\Mage\Core\Model\Layout\Update.php on line 450
2016-07-09T12:16:43+00:00 ERR (3): Warning: simplexml_load_string(): Entity: line 27: parser error : Premature end of data in tag layout line 2  in D:\www\tresbien_group2\app\code\core\Mage\Core\Model\Layout\Update.php on line 450
2016-07-10T02:43:08+00:00 ERR (3): Warning: simplexml_load_string(): Entity: line 25: parser error : Opening and ending tag mismatch: block line 7 and default  in D:\www\tresbien_group2\app\code\core\Mage\Core\Model\Layout\Update.php on line 450
2016-07-10T02:43:08+00:00 ERR (3): Warning: simplexml_load_string():     &lt;/default&gt;  in D:\www\tresbien_group2\app\code\core\Mage\Core\Model\Layout\Update.php on line 450
2016-07-10T02:43:08+00:00 ERR (3): Warning: simplexml_load_string():               ^  in D:\www\tresbien_group2\app\code\core\Mage\Core\Model\Layout\Update.php on line 450
2016-07-10T02:43:08+00:00 ERR (3): Warning: simplexml_load_string(): Entity: line 26: parser error : Opening and ending tag mismatch: block line 5 and layout  in D:\www\tresbien_group2\app\code\core\Mage\Core\Model\Layout\Update.php on line 450
2016-07-10T02:43:08+00:00 ERR (3): Warning: simplexml_load_string(): &lt;/layout&gt;  in D:\www\tresbien_group2\app\code\core\Mage\Core\Model\Layout\Update.php on line 450
2016-07-10T02:43:08+00:00 ERR (3): Warning: simplexml_load_string():          ^  in D:\www\tresbien_group2\app\code\core\Mage\Core\Model\Layout\Update.php on line 450
2016-07-10T02:43:08+00:00 ERR (3): Warning: simplexml_load_string(): Entity: line 27: parser error : Premature end of data in tag default line 3  in D:\www\tresbien_group2\app\code\core\Mage\Core\Model\Layout\Update.php on line 450
2016-07-10T02:43:08+00:00 ERR (3): Warning: simplexml_load_string(): Entity: line 27: parser error : Premature end of data in tag layout line 2  in D:\www\tresbien_group2\app\code\core\Mage\Core\Model\Layout\Update.php on line 450
2016-07-10T02:43:14+00:00 ERR (3): Warning: simplexml_load_string(): Entity: line 25: parser error : Opening and ending tag mismatch: block line 7 and default  in D:\www\tresbien_group2\app\code\core\Mage\Core\Model\Layout\Update.php on line 450
2016-07-10T02:43:14+00:00 ERR (3): Warning: simplexml_load_string():     &lt;/default&gt;  in D:\www\tresbien_group2\app\code\core\Mage\Core\Model\Layout\Update.php on line 450
2016-07-10T02:43:14+00:00 ERR (3): Warning: simplexml_load_string():               ^  in D:\www\tresbien_group2\app\code\core\Mage\Core\Model\Layout\Update.php on line 450
2016-07-10T02:43:14+00:00 ERR (3): Warning: simplexml_load_string(): Entity: line 26: parser error : Opening and ending tag mismatch: block line 5 and layout  in D:\www\tresbien_group2\app\code\core\Mage\Core\Model\Layout\Update.php on line 450
2016-07-10T02:43:14+00:00 ERR (3): Warning: simplexml_load_string(): &lt;/layout&gt;  in D:\www\tresbien_group2\app\code\core\Mage\Core\Model\Layout\Update.php on line 450
2016-07-10T02:43:14+00:00 ERR (3): Warning: simplexml_load_string():          ^  in D:\www\tresbien_group2\app\code\core\Mage\Core\Model\Layout\Update.php on line 450
2016-07-10T02:43:14+00:00 ERR (3): Warning: simplexml_load_string(): Entity: line 27: parser error : Premature end of data in tag default line 3  in D:\www\tresbien_group2\app\code\core\Mage\Core\Model\Layout\Update.php on line 450
2016-07-10T02:43:14+00:00 ERR (3): Warning: simplexml_load_string(): Entity: line 27: parser error : Premature end of data in tag layout line 2  in D:\www\tresbien_group2\app\code\core\Mage\Core\Model\Layout\Update.php on line 450
2016-07-10T02:52:29+00:00 ERR (3): Warning: simplexml_load_string(): Entity: line 39: parser error : Premature end of data in tag layout line 29  in D:\www\tresbien_group2\app\code\core\Mage\Core\Model\Layout\Update.php on line 450
2016-07-10T02:53:18+00:00 ERR (3): Warning: simplexml_load_string(): Entity: line 39: parser error : Premature end of data in tag layout line 29  in D:\www\tresbien_group2\app\code\core\Mage\Core\Model\Layout\Update.php on line 450
2016-07-10T14:25:11+00:00 ERR (3): Notice: Undefined variable: children  in D:\www\tresbien_group2\lib\megamenu\mega.class.php on line 110
2016-07-10T14:25:44+00:00 ERR (3): Warning: Missing argument 1 for Wavethemes_Jmmegamenu_Block_Adminhtml_Jmmegamenu_Grid::getCurPage(), called in D:\www\tresbien_group2\app\design\adminhtml\default\default\template\widget\gridmenu.phtml on line 62 and defined  in D:\www\tresbien_group2\app\code\local\Wavethemes\Jmmegamenu\Block\Adminhtml\Jmmegamenu\Grid.php on line 46
2016-07-10T14:25:44+00:00 ERR (3): Warning: Missing argument 1 for Wavethemes_Jmmegamenu_Block_Adminhtml_Jmmegamenu_Grid::getLastPage(), called in D:\www\tresbien_group2\app\design\adminhtml\default\default\template\widget\gridmenu.phtml on line 63 and defined  in D:\www\tresbien_group2\app\code\local\Wavethemes\Jmmegamenu\Block\Adminhtml\Jmmegamenu\Grid.php on line 51
2016-07-10T14:25:44+00:00 ERR (3): Warning: Missing argument 1 for Wavethemes_Jmmegamenu_Block_Adminhtml_Jmmegamenu_Grid::getLastPage(), called in D:\www\tresbien_group2\app\design\adminhtml\default\default\template\widget\gridmenu.phtml on line 78 and defined  in D:\www\tresbien_group2\app\code\local\Wavethemes\Jmmegamenu\Block\Adminhtml\Jmmegamenu\Grid.php on line 51
2016-07-10T14:25:47+00:00 ERR (3): Warning: Missing argument 3 for Mage_Adminhtml_Block_Widget_Container::_updateButton(), called in D:\www\tresbien_group2\app\code\local\Wavethemes\Jmmegamenu\Block\Adminhtml\Jmmegamenu\Edit.php on line 22 and defined  in D:\www\tresbien_group2\app\code\core\Mage\Adminhtml\Block\Widget\Container.php on line 138
2016-07-10T14:25:47+00:00 ERR (3): Warning: Illegal offset type  in D:\www\tresbien_group2\app\code\core\Mage\Adminhtml\Block\Widget\Container.php on line 150
2016-07-10T14:25:47+00:00 ERR (3): Notice: Undefined variable: data  in D:\www\tresbien_group2\app\code\core\Mage\Adminhtml\Block\Widget\Container.php on line 150
2016-07-10T14:25:49+00:00 ERR (3): Notice: Undefined variable: parentid  in D:\www\tresbien_group2\app\code\local\Wavethemes\Jmmegamenu\controllers\Adminhtml\JmmegamenuController.php on line 448
2016-07-10T14:26:28+00:00 ERR (3): Notice: Undefined variable: listfake  in D:\www\tresbien_group2\app\code\local\Wavethemes\Jmmegamenu\Block\Adminhtml\Jmmegamenu\Grid.php on line 69
2016-07-10T14:26:28+00:00 ERR (3): Warning: Missing argument 1 for Wavethemes_Jmmegamenu_Block_Adminhtml_Jmmegamenu_Grid::getCurPage(), called in D:\www\tresbien_group2\app\design\adminhtml\default\default\template\widget\gridmenu.phtml on line 62 and defined  in D:\www\tresbien_group2\app\code\local\Wavethemes\Jmmegamenu\Block\Adminhtml\Jmmegamenu\Grid.php on line 46
2016-07-10T14:26:28+00:00 ERR (3): Warning: Missing argument 1 for Wavethemes_Jmmegamenu_Block_Adminhtml_Jmmegamenu_Grid::getLastPage(), called in D:\www\tresbien_group2\app\design\adminhtml\default\default\template\widget\gridmenu.phtml on line 63 and defined  in D:\www\tresbien_group2\app\code\local\Wavethemes\Jmmegamenu\Block\Adminhtml\Jmmegamenu\Grid.php on line 51
2016-07-10T14:26:28+00:00 ERR (3): Warning: Missing argument 1 for Wavethemes_Jmmegamenu_Block_Adminhtml_Jmmegamenu_Grid::getLastPage(), called in D:\www\tresbien_group2\app\design\adminhtml\default\default\template\widget\gridmenu.phtml on line 78 and defined  in D:\www\tresbien_group2\app\code\local\Wavethemes\Jmmegamenu\Block\Adminhtml\Jmmegamenu\Grid.php on line 51
2016-07-10T14:26:31+00:00 ERR (3): Warning: Missing argument 3 for Mage_Adminhtml_Block_Widget_Container::_updateButton(), called in D:\www\tresbien_group2\app\code\local\Wavethemes\Jmmegamenu\Block\Adminhtml\Jmmegamenu\Edit.php on line 22 and defined  in D:\www\tresbien_group2\app\code\core\Mage\Adminhtml\Block\Widget\Container.php on line 138
2016-07-10T14:26:31+00:00 ERR (3): Warning: Illegal offset type  in D:\www\tresbien_group2\app\code\core\Mage\Adminhtml\Block\Widget\Container.php on line 150
2016-07-10T14:26:31+00:00 ERR (3): Notice: Undefined variable: data  in D:\www\tresbien_group2\app\code\core\Mage\Adminhtml\Block\Widget\Container.php on line 150
2016-07-10T14:26:33+00:00 ERR (3): Notice: Undefined variable: parentid  in D:\www\tresbien_group2\app\code\local\Wavethemes\Jmmegamenu\controllers\Adminhtml\JmmegamenuController.php on line 448
2016-07-10T14:26:33+00:00 ERR (3): Notice: Undefined variable: parentid  in D:\www\tresbien_group2\app\code\local\Wavethemes\Jmmegamenu\controllers\Adminhtml\JmmegamenuController.php on line 448
2016-07-10T14:26:49+00:00 ERR (3): Notice: Undefined variable: listfake  in D:\www\tresbien_group2\app\code\local\Wavethemes\Jmmegamenu\Block\Adminhtml\Jmmegamenu\Grid.php on line 69
2016-07-10T14:26:49+00:00 ERR (3): Warning: Missing argument 1 for Wavethemes_Jmmegamenu_Block_Adminhtml_Jmmegamenu_Grid::getCurPage(), called in D:\www\tresbien_group2\app\design\adminhtml\default\default\template\widget\gridmenu.phtml on line 62 and defined  in D:\www\tresbien_group2\app\code\local\Wavethemes\Jmmegamenu\Block\Adminhtml\Jmmegamenu\Grid.php on line 46
2016-07-10T14:26:49+00:00 ERR (3): Warning: Missing argument 1 for Wavethemes_Jmmegamenu_Block_Adminhtml_Jmmegamenu_Grid::getLastPage(), called in D:\www\tresbien_group2\app\design\adminhtml\default\default\template\widget\gridmenu.phtml on line 63 and defined  in D:\www\tresbien_group2\app\code\local\Wavethemes\Jmmegamenu\Block\Adminhtml\Jmmegamenu\Grid.php on line 51
2016-07-10T14:26:49+00:00 ERR (3): Warning: Missing argument 1 for Wavethemes_Jmmegamenu_Block_Adminhtml_Jmmegamenu_Grid::getLastPage(), called in D:\www\tresbien_group2\app\design\adminhtml\default\default\template\widget\gridmenu.phtml on line 78 and defined  in D:\www\tresbien_group2\app\code\local\Wavethemes\Jmmegamenu\Block\Adminhtml\Jmmegamenu\Grid.php on line 51
2016-07-10T14:26:52+00:00 ERR (3): Warning: Missing argument 3 for Mage_Adminhtml_Block_Widget_Container::_updateButton(), called in D:\www\tresbien_group2\app\code\local\Wavethemes\Jmmegamenu\Block\Adminhtml\Jmmegamenu\Edit.php on line 22 and defined  in D:\www\tresbien_group2\app\code\core\Mage\Adminhtml\Block\Widget\Container.php on line 138
2016-07-10T14:26:52+00:00 ERR (3): Warning: Illegal offset type  in D:\www\tresbien_group2\app\code\core\Mage\Adminhtml\Block\Widget\Container.php on line 150
2016-07-10T14:26:52+00:00 ERR (3): Notice: Undefined variable: data  in D:\www\tresbien_group2\app\code\core\Mage\Adminhtml\Block\Widget\Container.php on line 150
2016-07-10T14:27:00+00:00 ERR (3): Notice: Undefined variable: listfake  in D:\www\tresbien_group2\app\code\local\Wavethemes\Jmmegamenu\Block\Adminhtml\Jmmegamenu\Grid.php on line 69
2016-07-10T14:27:00+00:00 ERR (3): Warning: Missing argument 1 for Wavethemes_Jmmegamenu_Block_Adminhtml_Jmmegamenu_Grid::getCurPage(), called in D:\www\tresbien_group2\app\design\adminhtml\default\default\template\widget\gridmenu.phtml on line 62 and defined  in D:\www\tresbien_group2\app\code\local\Wavethemes\Jmmegamenu\Block\Adminhtml\Jmmegamenu\Grid.php on line 46
2016-07-10T14:27:00+00:00 ERR (3): Warning: Missing argument 1 for Wavethemes_Jmmegamenu_Block_Adminhtml_Jmmegamenu_Grid::getLastPage(), called in D:\www\tresbien_group2\app\design\adminhtml\default\default\template\widget\gridmenu.phtml on line 63 and defined  in D:\www\tresbien_group2\app\code\local\Wavethemes\Jmmegamenu\Block\Adminhtml\Jmmegamenu\Grid.php on line 51
2016-07-10T14:27:00+00:00 ERR (3): Warning: Missing argument 1 for Wavethemes_Jmmegamenu_Block_Adminhtml_Jmmegamenu_Grid::getLastPage(), called in D:\www\tresbien_group2\app\design\adminhtml\default\default\template\widget\gridmenu.phtml on line 78 and defined  in D:\www\tresbien_group2\app\code\local\Wavethemes\Jmmegamenu\Block\Adminhtml\Jmmegamenu\Grid.php on line 51
2016-07-10T14:27:02+00:00 ERR (3): Warning: Missing argument 3 for Mage_Adminhtml_Block_Widget_Container::_updateButton(), called in D:\www\tresbien_group2\app\code\local\Wavethemes\Jmmegamenu\Block\Adminhtml\Jmmegamenu\Edit.php on line 22 and defined  in D:\www\tresbien_group2\app\code\core\Mage\Adminhtml\Block\Widget\Container.php on line 138
2016-07-10T14:27:02+00:00 ERR (3): Warning: Illegal offset type  in D:\www\tresbien_group2\app\code\core\Mage\Adminhtml\Block\Widget\Container.php on line 150
2016-07-10T14:27:02+00:00 ERR (3): Notice: Undefined variable: data  in D:\www\tresbien_group2\app\code\core\Mage\Adminhtml\Block\Widget\Container.php on line 150
2016-07-10T14:27:04+00:00 ERR (3): Notice: Undefined variable: parentid  in D:\www\tresbien_group2\app\code\local\Wavethemes\Jmmegamenu\controllers\Adminhtml\JmmegamenuController.php on line 448
2016-07-10T14:27:04+00:00 ERR (3): Notice: Undefined variable: parentid  in D:\www\tresbien_group2\app\code\local\Wavethemes\Jmmegamenu\controllers\Adminhtml\JmmegamenuController.php on line 448
2016-07-10T14:27:04+00:00 ERR (3): Notice: Undefined variable: parentid  in D:\www\tresbien_group2\app\code\local\Wavethemes\Jmmegamenu\controllers\Adminhtml\JmmegamenuController.php on line 448
2016-07-10T14:27:29+00:00 ERR (3): Notice: Undefined variable: listfake  in D:\www\tresbien_group2\app\code\local\Wavethemes\Jmmegamenu\Block\Adminhtml\Jmmegamenu\Grid.php on line 69
2016-07-10T14:27:29+00:00 ERR (3): Warning: Missing argument 1 for Wavethemes_Jmmegamenu_Block_Adminhtml_Jmmegamenu_Grid::getCurPage(), called in D:\www\tresbien_group2\app\design\adminhtml\default\default\template\widget\gridmenu.phtml on line 62 and defined  in D:\www\tresbien_group2\app\code\local\Wavethemes\Jmmegamenu\Block\Adminhtml\Jmmegamenu\Grid.php on line 46
2016-07-10T14:27:29+00:00 ERR (3): Warning: Missing argument 1 for Wavethemes_Jmmegamenu_Block_Adminhtml_Jmmegamenu_Grid::getLastPage(), called in D:\www\tresbien_group2\app\design\adminhtml\default\default\template\widget\gridmenu.phtml on line 63 and defined  in D:\www\tresbien_group2\app\code\local\Wavethemes\Jmmegamenu\Block\Adminhtml\Jmmegamenu\Grid.php on line 51
2016-07-10T14:27:29+00:00 ERR (3): Warning: Missing argument 1 for Wavethemes_Jmmegamenu_Block_Adminhtml_Jmmegamenu_Grid::getLastPage(), called in D:\www\tresbien_group2\app\design\adminhtml\default\default\template\widget\gridmenu.phtml on line 78 and defined  in D:\www\tresbien_group2\app\code\local\Wavethemes\Jmmegamenu\Block\Adminhtml\Jmmegamenu\Grid.php on line 51
2016-07-10T14:27:32+00:00 ERR (3): Warning: Missing argument 3 for Mage_Adminhtml_Block_Widget_Container::_updateButton(), called in D:\www\tresbien_group2\app\code\local\Wavethemes\Jmmegamenu\Block\Adminhtml\Jmmegamenu\Edit.php on line 22 and defined  in D:\www\tresbien_group2\app\code\core\Mage\Adminhtml\Block\Widget\Container.php on line 138
2016-07-10T14:27:32+00:00 ERR (3): Warning: Illegal offset type  in D:\www\tresbien_group2\app\code\core\Mage\Adminhtml\Block\Widget\Container.php on line 150
2016-07-10T14:27:32+00:00 ERR (3): Notice: Undefined variable: data  in D:\www\tresbien_group2\app\code\core\Mage\Adminhtml\Block\Widget\Container.php on line 150
2016-07-10T14:27:37+00:00 ERR (3): Notice: Undefined variable: listfake  in D:\www\tresbien_group2\app\code\local\Wavethemes\Jmmegamenu\Block\Adminhtml\Jmmegamenu\Grid.php on line 69
2016-07-10T14:27:37+00:00 ERR (3): Warning: Missing argument 1 for Wavethemes_Jmmegamenu_Block_Adminhtml_Jmmegamenu_Grid::getCurPage(), called in D:\www\tresbien_group2\app\design\adminhtml\default\default\template\widget\gridmenu.phtml on line 62 and defined  in D:\www\tresbien_group2\app\code\local\Wavethemes\Jmmegamenu\Block\Adminhtml\Jmmegamenu\Grid.php on line 46
2016-07-10T14:27:37+00:00 ERR (3): Warning: Missing argument 1 for Wavethemes_Jmmegamenu_Block_Adminhtml_Jmmegamenu_Grid::getLastPage(), called in D:\www\tresbien_group2\app\design\adminhtml\default\default\template\widget\gridmenu.phtml on line 63 and defined  in D:\www\tresbien_group2\app\code\local\Wavethemes\Jmmegamenu\Block\Adminhtml\Jmmegamenu\Grid.php on line 51
2016-07-10T14:27:37+00:00 ERR (3): Warning: Missing argument 1 for Wavethemes_Jmmegamenu_Block_Adminhtml_Jmmegamenu_Grid::getLastPage(), called in D:\www\tresbien_group2\app\design\adminhtml\default\default\template\widget\gridmenu.phtml on line 78 and defined  in D:\www\tresbien_group2\app\code\local\Wavethemes\Jmmegamenu\Block\Adminhtml\Jmmegamenu\Grid.php on line 51
2016-07-10T14:27:40+00:00 ERR (3): Warning: Missing argument 3 for Mage_Adminhtml_Block_Widget_Container::_updateButton(), called in D:\www\tresbien_group2\app\code\local\Wavethemes\Jmmegamenu\Block\Adminhtml\Jmmegamenu\Edit.php on line 22 and defined  in D:\www\tresbien_group2\app\code\core\Mage\Adminhtml\Block\Widget\Container.php on line 138
2016-07-10T14:27:40+00:00 ERR (3): Warning: Illegal offset type  in D:\www\tresbien_group2\app\code\core\Mage\Adminhtml\Block\Widget\Container.php on line 150
2016-07-10T14:27:40+00:00 ERR (3): Notice: Undefined variable: data  in D:\www\tresbien_group2\app\code\core\Mage\Adminhtml\Block\Widget\Container.php on line 150
2016-07-10T14:27:42+00:00 ERR (3): Notice: Undefined variable: parentid  in D:\www\tresbien_group2\app\code\local\Wavethemes\Jmmegamenu\controllers\Adminhtml\JmmegamenuController.php on line 448
2016-07-10T14:27:42+00:00 ERR (3): Notice: Undefined variable: parentid  in D:\www\tresbien_group2\app\code\local\Wavethemes\Jmmegamenu\controllers\Adminhtml\JmmegamenuController.php on line 448
2016-07-10T14:27:42+00:00 ERR (3): Notice: Undefined variable: parentid  in D:\www\tresbien_group2\app\code\local\Wavethemes\Jmmegamenu\controllers\Adminhtml\JmmegamenuController.php on line 448
2016-07-10T14:27:42+00:00 ERR (3): Notice: Undefined variable: parentid  in D:\www\tresbien_group2\app\code\local\Wavethemes\Jmmegamenu\controllers\Adminhtml\JmmegamenuController.php on line 448
2016-07-10T14:28:05+00:00 ERR (3): Notice: Undefined variable: listfake  in D:\www\tresbien_group2\app\code\local\Wavethemes\Jmmegamenu\Block\Adminhtml\Jmmegamenu\Grid.php on line 69
2016-07-10T14:28:05+00:00 ERR (3): Warning: Missing argument 1 for Wavethemes_Jmmegamenu_Block_Adminhtml_Jmmegamenu_Grid::getCurPage(), called in D:\www\tresbien_group2\app\design\adminhtml\default\default\template\widget\gridmenu.phtml on line 62 and defined  in D:\www\tresbien_group2\app\code\local\Wavethemes\Jmmegamenu\Block\Adminhtml\Jmmegamenu\Grid.php on line 46
2016-07-10T14:28:05+00:00 ERR (3): Warning: Missing argument 1 for Wavethemes_Jmmegamenu_Block_Adminhtml_Jmmegamenu_Grid::getLastPage(), called in D:\www\tresbien_group2\app\design\adminhtml\default\default\template\widget\gridmenu.phtml on line 63 and defined  in D:\www\tresbien_group2\app\code\local\Wavethemes\Jmmegamenu\Block\Adminhtml\Jmmegamenu\Grid.php on line 51
2016-07-10T14:28:05+00:00 ERR (3): Warning: Missing argument 1 for Wavethemes_Jmmegamenu_Block_Adminhtml_Jmmegamenu_Grid::getLastPage(), called in D:\www\tresbien_group2\app\design\adminhtml\default\default\template\widget\gridmenu.phtml on line 78 and defined  in D:\www\tresbien_group2\app\code\local\Wavethemes\Jmmegamenu\Block\Adminhtml\Jmmegamenu\Grid.php on line 51
2016-07-10T14:28:05+00:00 ERR (3): Warning: Invalid argument supplied for foreach()  in D:\www\tresbien_group2\app\design\adminhtml\default\default\template\widget\gridmenu.phtml on line 171
2016-07-10T14:28:13+00:00 ERR (3): Warning: Missing argument 3 for Mage_Adminhtml_Block_Widget_Container::_updateButton(), called in D:\www\tresbien_group2\app\code\local\Wavethemes\Jmmegamenu\Block\Adminhtml\Jmmegamenu\Edit.php on line 22 and defined  in D:\www\tresbien_group2\app\code\core\Mage\Adminhtml\Block\Widget\Container.php on line 138
2016-07-10T14:28:13+00:00 ERR (3): Warning: Illegal offset type  in D:\www\tresbien_group2\app\code\core\Mage\Adminhtml\Block\Widget\Container.php on line 150
2016-07-10T14:28:13+00:00 ERR (3): Notice: Undefined variable: data  in D:\www\tresbien_group2\app\code\core\Mage\Adminhtml\Block\Widget\Container.php on line 150
2016-07-10T14:28:26+00:00 ERR (3): Notice: Undefined variable: listfake  in D:\www\tresbien_group2\app\code\local\Wavethemes\Jmmegamenu\Block\Adminhtml\Jmmegamenu\Grid.php on line 69
2016-07-10T14:28:26+00:00 ERR (3): Warning: Missing argument 1 for Wavethemes_Jmmegamenu_Block_Adminhtml_Jmmegamenu_Grid::getCurPage(), called in D:\www\tresbien_group2\app\design\adminhtml\default\default\template\widget\gridmenu.phtml on line 62 and defined  in D:\www\tresbien_group2\app\code\local\Wavethemes\Jmmegamenu\Block\Adminhtml\Jmmegamenu\Grid.php on line 46
2016-07-10T14:28:26+00:00 ERR (3): Warning: Missing argument 1 for Wavethemes_Jmmegamenu_Block_Adminhtml_Jmmegamenu_Grid::getLastPage(), called in D:\www\tresbien_group2\app\design\adminhtml\default\default\template\widget\gridmenu.phtml on line 63 and defined  in D:\www\tresbien_group2\app\code\local\Wavethemes\Jmmegamenu\Block\Adminhtml\Jmmegamenu\Grid.php on line 51
2016-07-10T14:28:26+00:00 ERR (3): Warning: Missing argument 1 for Wavethemes_Jmmegamenu_Block_Adminhtml_Jmmegamenu_Grid::getLastPage(), called in D:\www\tresbien_group2\app\design\adminhtml\default\default\template\widget\gridmenu.phtml on line 78 and defined  in D:\www\tresbien_group2\app\code\local\Wavethemes\Jmmegamenu\Block\Adminhtml\Jmmegamenu\Grid.php on line 51
2016-07-10T14:28:26+00:00 ERR (3): Warning: Invalid argument supplied for foreach()  in D:\www\tresbien_group2\app\design\adminhtml\default\default\template\widget\gridmenu.phtml on line 171
2016-07-10T14:28:36+00:00 ERR (3): Notice: Undefined property: stdClass::$colw1  in D:\www\tresbien_group2\lib\megamenu\mega.class.php on line 344
2016-07-10T14:55:38+00:00 ERR (3): Warning: Missing argument 1 for Mage_Core_Model_Abstract::load(), called in D:\www\tresbien_group2\app\code\local\Smartlab\Megamenu\data\megamenu_setup\data-install-0.1.0.php on line 2 and defined  in D:\www\tresbien_group2\app\code\core\Mage\Core\Model\Abstract.php on line 222
2016-07-10T14:55:38+00:00 ERR (3): Notice: Undefined variable: id  in D:\www\tresbien_group2\app\code\core\Mage\Core\Model\Abstract.php on line 224
2016-07-10T14:55:38+00:00 ERR (3): Notice: Undefined variable: id  in D:\www\tresbien_group2\app\code\core\Mage\Core\Model\Abstract.php on line 225
2016-07-10T14:56:09+00:00 ERR (3): Warning: Missing argument 1 for Mage_Core_Model_Abstract::load(), called in D:\www\tresbien_group2\app\code\local\Smartlab\Megamenu\data\megamenu_setup\data-install-0.1.0.php on line 2 and defined  in D:\www\tresbien_group2\app\code\core\Mage\Core\Model\Abstract.php on line 222
2016-07-10T14:56:09+00:00 ERR (3): Notice: Undefined variable: id  in D:\www\tresbien_group2\app\code\core\Mage\Core\Model\Abstract.php on line 224
2016-07-10T14:56:09+00:00 ERR (3): Notice: Undefined variable: id  in D:\www\tresbien_group2\app\code\core\Mage\Core\Model\Abstract.php on line 225
2016-07-10T15:04:22+00:00 ERR (3): Warning: Missing argument 1 for Wavethemes_Jmmegamenu_Block_Adminhtml_Jmmegamenu_Grid::getCurPage(), called in D:\www\tresbien_group2\app\design\adminhtml\default\default\template\widget\gridmenu.phtml on line 62 and defined  in D:\www\tresbien_group2\app\code\local\Wavethemes\Jmmegamenu\Block\Adminhtml\Jmmegamenu\Grid.php on line 46
2016-07-10T15:04:22+00:00 ERR (3): Warning: Missing argument 1 for Wavethemes_Jmmegamenu_Block_Adminhtml_Jmmegamenu_Grid::getLastPage(), called in D:\www\tresbien_group2\app\design\adminhtml\default\default\template\widget\gridmenu.phtml on line 63 and defined  in D:\www\tresbien_group2\app\code\local\Wavethemes\Jmmegamenu\Block\Adminhtml\Jmmegamenu\Grid.php on line 51
2016-07-10T15:04:22+00:00 ERR (3): Warning: Missing argument 1 for Wavethemes_Jmmegamenu_Block_Adminhtml_Jmmegamenu_Grid::getLastPage(), called in D:\www\tresbien_group2\app\design\adminhtml\default\default\template\widget\gridmenu.phtml on line 78 and defined  in D:\www\tresbien_group2\app\code\local\Wavethemes\Jmmegamenu\Block\Adminhtml\Jmmegamenu\Grid.php on line 51
2016-07-10T15:08:09+00:00 ERR (3): Notice: Undefined property: stdClass::$colw1  in D:\www\tresbien_group2\lib\megamenu\mega.class.php on line 344
2016-07-10T15:08:17+00:00 ERR (3): Notice: Undefined property: stdClass::$colw1  in D:\www\tresbien_group2\lib\megamenu\mega.class.php on line 344
2016-07-10T15:09:32+00:00 ERR (3): Notice: Undefined variable: children  in D:\www\tresbien_group2\lib\megamenu\mega.class.php on line 110
2016-07-10T15:10:40+00:00 ERR (3): Notice: Undefined variable: children  in D:\www\tresbien_group2\lib\megamenu\mega.class.php on line 110
2016-07-10T15:11:33+00:00 ERR (3): Warning: Missing argument 1 for Wavethemes_Jmmegamenu_Block_Adminhtml_Jmmegamenu_Grid::getCurPage(), called in D:\www\tresbien_group2\app\design\adminhtml\default\default\template\widget\gridmenu.phtml on line 62 and defined  in D:\www\tresbien_group2\app\code\local\Wavethemes\Jmmegamenu\Block\Adminhtml\Jmmegamenu\Grid.php on line 46
2016-07-10T15:11:33+00:00 ERR (3): Warning: Missing argument 1 for Wavethemes_Jmmegamenu_Block_Adminhtml_Jmmegamenu_Grid::getLastPage(), called in D:\www\tresbien_group2\app\design\adminhtml\default\default\template\widget\gridmenu.phtml on line 63 and defined  in D:\www\tresbien_group2\app\code\local\Wavethemes\Jmmegamenu\Block\Adminhtml\Jmmegamenu\Grid.php on line 51
2016-07-10T15:11:33+00:00 ERR (3): Warning: Missing argument 1 for Wavethemes_Jmmegamenu_Block_Adminhtml_Jmmegamenu_Grid::getLastPage(), called in D:\www\tresbien_group2\app\design\adminhtml\default\default\template\widget\gridmenu.phtml on line 78 and defined  in D:\www\tresbien_group2\app\code\local\Wavethemes\Jmmegamenu\Block\Adminhtml\Jmmegamenu\Grid.php on line 51
2016-07-10T15:11:59+00:00 ERR (3): Notice: Undefined variable: listfake  in D:\www\tresbien_group2\app\code\local\Wavethemes\Jmmegamenu\Block\Adminhtml\Jmmegamenu\Grid.php on line 69
2016-07-10T15:11:59+00:00 ERR (3): Warning: Missing argument 1 for Wavethemes_Jmmegamenu_Block_Adminhtml_Jmmegamenu_Grid::getCurPage(), called in D:\www\tresbien_group2\app\design\adminhtml\default\default\template\widget\gridmenu.phtml on line 62 and defined  in D:\www\tresbien_group2\app\code\local\Wavethemes\Jmmegamenu\Block\Adminhtml\Jmmegamenu\Grid.php on line 46
2016-07-10T15:11:59+00:00 ERR (3): Warning: Missing argument 1 for Wavethemes_Jmmegamenu_Block_Adminhtml_Jmmegamenu_Grid::getLastPage(), called in D:\www\tresbien_group2\app\design\adminhtml\default\default\template\widget\gridmenu.phtml on line 63 and defined  in D:\www\tresbien_group2\app\code\local\Wavethemes\Jmmegamenu\Block\Adminhtml\Jmmegamenu\Grid.php on line 51
2016-07-10T15:11:59+00:00 ERR (3): Warning: Missing argument 1 for Wavethemes_Jmmegamenu_Block_Adminhtml_Jmmegamenu_Grid::getLastPage(), called in D:\www\tresbien_group2\app\design\adminhtml\default\default\template\widget\gridmenu.phtml on line 78 and defined  in D:\www\tresbien_group2\app\code\local\Wavethemes\Jmmegamenu\Block\Adminhtml\Jmmegamenu\Grid.php on line 51
2016-07-10T15:11:59+00:00 ERR (3): Warning: Invalid argument supplied for foreach()  in D:\www\tresbien_group2\app\design\adminhtml\default\default\template\widget\gridmenu.phtml on line 171
2016-07-10T15:12:05+00:00 ERR (3): Warning: Missing argument 3 for Mage_Adminhtml_Block_Widget_Container::_updateButton(), called in D:\www\tresbien_group2\app\code\local\Wavethemes\Jmmegamenu\Block\Adminhtml\Jmmegamenu\Edit.php on line 22 and defined  in D:\www\tresbien_group2\app\code\core\Mage\Adminhtml\Block\Widget\Container.php on line 138
2016-07-10T15:12:05+00:00 ERR (3): Warning: Illegal offset type  in D:\www\tresbien_group2\app\code\core\Mage\Adminhtml\Block\Widget\Container.php on line 150
2016-07-10T15:12:05+00:00 ERR (3): Notice: Undefined variable: data  in D:\www\tresbien_group2\app\code\core\Mage\Adminhtml\Block\Widget\Container.php on line 150
2016-07-10T15:12:07+00:00 ERR (3): Notice: Undefined variable: parentid  in D:\www\tresbien_group2\app\code\local\Wavethemes\Jmmegamenu\controllers\Adminhtml\JmmegamenuController.php on line 448
2016-07-10T15:12:07+00:00 ERR (3): Notice: Undefined variable: parentid  in D:\www\tresbien_group2\app\code\local\Wavethemes\Jmmegamenu\controllers\Adminhtml\JmmegamenuController.php on line 448
2016-07-10T15:12:07+00:00 ERR (3): Notice: Undefined variable: parentid  in D:\www\tresbien_group2\app\code\local\Wavethemes\Jmmegamenu\controllers\Adminhtml\JmmegamenuController.php on line 448
2016-07-10T15:12:07+00:00 ERR (3): Notice: Undefined variable: parentid  in D:\www\tresbien_group2\app\code\local\Wavethemes\Jmmegamenu\controllers\Adminhtml\JmmegamenuController.php on line 448
2016-07-10T15:12:07+00:00 ERR (3): Notice: Undefined variable: parentid  in D:\www\tresbien_group2\app\code\local\Wavethemes\Jmmegamenu\controllers\Adminhtml\JmmegamenuController.php on line 448
2016-07-10T15:12:54+00:00 ERR (3): Notice: Undefined variable: listfake  in D:\www\tresbien_group2\app\code\local\Wavethemes\Jmmegamenu\Block\Adminhtml\Jmmegamenu\Grid.php on line 69
2016-07-10T15:12:54+00:00 ERR (3): Warning: Missing argument 1 for Wavethemes_Jmmegamenu_Block_Adminhtml_Jmmegamenu_Grid::getCurPage(), called in D:\www\tresbien_group2\app\design\adminhtml\default\default\template\widget\gridmenu.phtml on line 62 and defined  in D:\www\tresbien_group2\app\code\local\Wavethemes\Jmmegamenu\Block\Adminhtml\Jmmegamenu\Grid.php on line 46
2016-07-10T15:12:54+00:00 ERR (3): Warning: Missing argument 1 for Wavethemes_Jmmegamenu_Block_Adminhtml_Jmmegamenu_Grid::getLastPage(), called in D:\www\tresbien_group2\app\design\adminhtml\default\default\template\widget\gridmenu.phtml on line 63 and defined  in D:\www\tresbien_group2\app\code\local\Wavethemes\Jmmegamenu\Block\Adminhtml\Jmmegamenu\Grid.php on line 51
2016-07-10T15:12:54+00:00 ERR (3): Warning: Missing argument 1 for Wavethemes_Jmmegamenu_Block_Adminhtml_Jmmegamenu_Grid::getLastPage(), called in D:\www\tresbien_group2\app\design\adminhtml\default\default\template\widget\gridmenu.phtml on line 78 and defined  in D:\www\tresbien_group2\app\code\local\Wavethemes\Jmmegamenu\Block\Adminhtml\Jmmegamenu\Grid.php on line 51
2016-07-10T15:12:54+00:00 ERR (3): Warning: Invalid argument supplied for foreach()  in D:\www\tresbien_group2\app\design\adminhtml\default\default\template\widget\gridmenu.phtml on line 171
2016-07-10T15:13:07+00:00 ERR (3): Warning: Missing argument 3 for Mage_Adminhtml_Block_Widget_Container::_updateButton(), called in D:\www\tresbien_group2\app\code\local\Wavethemes\Jmmegamenu\Block\Adminhtml\Jmmegamenu\Edit.php on line 22 and defined  in D:\www\tresbien_group2\app\code\core\Mage\Adminhtml\Block\Widget\Container.php on line 138
2016-07-10T15:13:07+00:00 ERR (3): Warning: Illegal offset type  in D:\www\tresbien_group2\app\code\core\Mage\Adminhtml\Block\Widget\Container.php on line 150
2016-07-10T15:13:07+00:00 ERR (3): Notice: Undefined variable: data  in D:\www\tresbien_group2\app\code\core\Mage\Adminhtml\Block\Widget\Container.php on line 150
2016-07-10T15:13:09+00:00 ERR (3): Notice: Undefined variable: parentid  in D:\www\tresbien_group2\app\code\local\Wavethemes\Jmmegamenu\controllers\Adminhtml\JmmegamenuController.php on line 448
2016-07-10T15:13:09+00:00 ERR (3): Notice: Undefined variable: parentid  in D:\www\tresbien_group2\app\code\local\Wavethemes\Jmmegamenu\controllers\Adminhtml\JmmegamenuController.php on line 448
2016-07-10T15:13:09+00:00 ERR (3): Notice: Undefined variable: parentid  in D:\www\tresbien_group2\app\code\local\Wavethemes\Jmmegamenu\controllers\Adminhtml\JmmegamenuController.php on line 448
2016-07-10T15:13:09+00:00 ERR (3): Notice: Undefined variable: parentid  in D:\www\tresbien_group2\app\code\local\Wavethemes\Jmmegamenu\controllers\Adminhtml\JmmegamenuController.php on line 448
2016-07-10T15:13:09+00:00 ERR (3): Notice: Undefined variable: parentid  in D:\www\tresbien_group2\app\code\local\Wavethemes\Jmmegamenu\controllers\Adminhtml\JmmegamenuController.php on line 448
2016-07-10T15:13:44+00:00 ERR (3): Warning: Missing argument 1 for Wavethemes_Jmmegamenu_Block_Adminhtml_Jmmegamenu_Grid::getCurPage(), called in D:\www\tresbien_group2\app\design\adminhtml\default\default\template\widget\gridmenu.phtml on line 62 and defined  in D:\www\tresbien_group2\app\code\local\Wavethemes\Jmmegamenu\Block\Adminhtml\Jmmegamenu\Grid.php on line 46
2016-07-10T15:13:44+00:00 ERR (3): Warning: Missing argument 1 for Wavethemes_Jmmegamenu_Block_Adminhtml_Jmmegamenu_Grid::getLastPage(), called in D:\www\tresbien_group2\app\design\adminhtml\default\default\template\widget\gridmenu.phtml on line 63 and defined  in D:\www\tresbien_group2\app\code\local\Wavethemes\Jmmegamenu\Block\Adminhtml\Jmmegamenu\Grid.php on line 51
2016-07-10T15:13:44+00:00 ERR (3): Warning: Missing argument 1 for Wavethemes_Jmmegamenu_Block_Adminhtml_Jmmegamenu_Grid::getLastPage(), called in D:\www\tresbien_group2\app\design\adminhtml\default\default\template\widget\gridmenu.phtml on line 78 and defined  in D:\www\tresbien_group2\app\code\local\Wavethemes\Jmmegamenu\Block\Adminhtml\Jmmegamenu\Grid.php on line 51
2016-07-10T15:15:45+00:00 ERR (3): Notice: Undefined property: stdClass::$colw1  in D:\www\tresbien_group2\lib\megamenu\mega.class.php on line 344
2016-07-10T15:16:02+00:00 ERR (3): Notice: Undefined property: stdClass::$colw1  in D:\www\tresbien_group2\lib\megamenu\mega.class.php on line 344
2016-07-10T15:16:06+00:00 ERR (3): Notice: Undefined variable: children  in D:\www\tresbien_group2\lib\megamenu\mega.class.php on line 110
2016-07-10T15:16:11+00:00 ERR (3): Notice: Undefined property: stdClass::$colw1  in D:\www\tresbien_group2\lib\megamenu\mega.class.php on line 344
2016-07-10T16:05:19+00:00 ERR (3): Notice: Use of undefined constant cN_WEBSITE_CODE - assumed 'cN_WEBSITE_CODE'  in D:\www\tresbien_group2\app\code\local\Smartlab\Megamenu\data\megamenu_setup\data-install-0.1.0.php on line 26
2016-07-10T16:06:44+00:00 ERR (3): Notice: Use of undefined constant cN_WEBSITE_CODE - assumed 'cN_WEBSITE_CODE'  in D:\www\tresbien_group2\app\code\local\Smartlab\Megamenu\data\megamenu_setup\data-install-0.1.0.php on line 26
2016-07-10T16:22:54+00:00 ERR (3): Notice: Undefined property: stdClass::$colw1  in D:\www\tresbien_group2\lib\megamenu\mega.class.php on line 344
2016-07-10T16:23:31+00:00 ERR (3): Notice: Undefined property: stdClass::$colw1  in D:\www\tresbien_group2\lib\megamenu\mega.class.php on line 344
2016-07-10T16:23:44+00:00 ERR (3): Notice: Undefined property: stdClass::$colw1  in D:\www\tresbien_group2\lib\megamenu\mega.class.php on line 344
2016-07-10T16:31:29+00:00 ERR (3): Notice: Undefined property: stdClass::$colw1  in D:\www\tresbien_group2\lib\megamenu\mega.class.php on line 344
2016-07-10T16:37:29+00:00 ERR (3): Notice: Undefined property: stdClass::$colw1  in D:\www\tresbien_group2\lib\megamenu\mega.class.php on line 344
2016-07-10T16:37:34+00:00 ERR (3): Notice: Undefined property: stdClass::$colw1  in D:\www\tresbien_group2\lib\megamenu\mega.class.php on line 344
2016-07-10T16:37:39+00:00 ERR (3): Notice: Undefined property: stdClass::$colw1  in D:\www\tresbien_group2\lib\megamenu\mega.class.php on line 344
2016-07-10T16:37:45+00:00 ERR (3): Notice: Undefined property: stdClass::$colw1  in D:\www\tresbien_group2\lib\megamenu\mega.class.php on line 344
2016-07-10T16:37:51+00:00 ERR (3): Notice: Undefined property: stdClass::$colw1  in D:\www\tresbien_group2\lib\megamenu\mega.class.php on line 344
2016-07-10T16:38:04+00:00 ERR (3): Notice: Undefined property: stdClass::$colw1  in D:\www\tresbien_group2\lib\megamenu\mega.class.php on line 344
2016-07-11T03:42:00+00:00 ERR (3): Notice: Undefined variable: children  in D:\www\tresbien_group2\lib\megamenu\mega.class.php on line 110
2016-07-11T04:01:37+00:00 ERR (3): Notice: Undefined variable: children  in D:\www\tresbien_group2\lib\megamenu\mega.class.php on line 110
2016-07-11T04:26:03+00:00 ERR (3): Notice: Undefined property: stdClass::$colw1  in D:\www\tresbien_group2\lib\megamenu\mega.class.php on line 344
2016-07-11T04:26:13+00:00 ERR (3): Notice: Undefined variable: children  in D:\www\tresbien_group2\lib\megamenu\mega.class.php on line 110
2016-07-12T02:41:14+00:00 CRIT (2): Not valid template file:frontend\base\default\template\payment/form/checkmo.phtml
2016-07-12T02:42:22+00:00 CRIT (2): Not valid template file:frontend\base\default\template\payment/form/checkmo.phtml
2016-07-12T02:44:09+00:00 CRIT (2): Not valid template file:frontend\base\default\template\payment/form/checkmo.phtml
2016-07-12T02:45:23+00:00 CRIT (2): Not valid template file:frontend\base\default\template\payment/form/checkmo.phtml
2016-07-12T02:45:53+00:00 CRIT (2): Not valid template file:frontend\base\default\template\payment/form/checkmo.phtml
2016-07-12T02:52:02+00:00 CRIT (2): Not valid template file:frontend\base\default\template\payment/form/checkmo.phtml
2016-07-12T02:53:55+00:00 CRIT (2): Not valid template file:frontend\base\default\template\payment/form/checkmo.phtml
2016-07-12T02:59:31+00:00 CRIT (2): Not valid template file:frontend\base\default\template\payment/form/checkmo.phtml
2016-07-12T03:03:19+00:00 CRIT (2): Not valid template file:frontend\base\default\template\payment/form/checkmo.phtml
2016-07-12T03:04:48+00:00 CRIT (2): Not valid template file:frontend\base\default\template\payment/form/checkmo.phtml
2016-07-12T03:06:50+00:00 CRIT (2): Not valid template file:frontend\base\default\template\payment/form/checkmo.phtml
2016-07-12T03:18:43+00:00 CRIT (2): Not valid template file:frontend\base\default\template\payment/form/checkmo.phtml
2016-07-12T03:57:55+00:00 ERR (3): Notice: Undefined variable: customer_id  in D:\www\tresbien_group2\app\code\local\Baokim\PaymentPro\Model\Baokim.php on line 272
2016-07-12T04:06:56+00:00 CRIT (2): Not valid template file:frontend\base\default\template\payment/form/checkmo.phtml
2016-07-12T04:20:37+00:00 CRIT (2): Not valid template file:frontend\base\default\template\payment/form/checkmo.phtml
2016-07-12T04:24:55+00:00 CRIT (2): Not valid template file:frontend\base\default\template\payment/form/checkmo.phtml
2016-07-12T04:40:17+00:00 CRIT (2): Not valid template file:frontend\base\default\template\payment/form/checkmo.phtml
2016-07-12T04:47:31+00:00 CRIT (2): Not valid template file:frontend\base\default\template\payment/form/checkmo.phtml
2016-07-12T04:48:38+00:00 ERR (3): Notice: Undefined index: order_id  in D:\www\tresbien_group2\app\code\local\Baokim\PaymentPro\controllers\IndexController.php on line 54
2016-07-12T04:48:38+00:00 ERR (3): Notice: Undefined index: checksum  in D:\www\tresbien_group2\app\code\local\Baokim\PaymentPro\controllers\IndexController.php on line 55
2016-07-12T04:51:25+00:00 CRIT (2): Not valid template file:frontend\base\default\template\payment/form/checkmo.phtml
2016-07-12T04:52:33+00:00 ERR (3): Notice: Undefined index: order_id  in D:\www\tresbien_group2\app\code\local\Baokim\PaymentPro\controllers\IndexController.php on line 54
2016-07-12T04:52:33+00:00 ERR (3): Notice: Undefined index: checksum  in D:\www\tresbien_group2\app\code\local\Baokim\PaymentPro\controllers\IndexController.php on line 55
2016-07-12T05:29:29+00:00 ERR (3): Notice: Undefined index: order_id  in D:\www\tresbien_group2\app\code\local\Baokim\PaymentPro\controllers\IndexController.php on line 54
2016-07-12T05:29:29+00:00 ERR (3): Notice: Undefined index: checksum  in D:\www\tresbien_group2\app\code\local\Baokim\PaymentPro\controllers\IndexController.php on line 55
2016-07-12T05:29:55+00:00 ERR (3): Notice: Undefined index: order_id  in D:\www\tresbien_group2\app\code\local\Baokim\PaymentPro\controllers\IndexController.php on line 54
2016-07-12T05:29:55+00:00 ERR (3): Notice: Undefined index: checksum  in D:\www\tresbien_group2\app\code\local\Baokim\PaymentPro\controllers\IndexController.php on line 55
2016-07-12T07:06:20+00:00 ERR (3): Notice: Undefined index: order_id  in D:\www\tresbien_group2\app\code\local\Baokim\PaymentPro\controllers\IndexController.php on line 57
2016-07-12T07:07:05+00:00 ERR (3): Notice: Undefined index: order_id  in D:\www\tresbien_group2\app\code\local\Baokim\PaymentPro\controllers\IndexController.php on line 57
2016-07-12T07:08:58+00:00 ERR (3): Notice: Undefined index: order_id  in D:\www\tresbien_group2\app\code\local\Baokim\PaymentPro\controllers\IndexController.php on line 57
2016-07-12T07:09:29+00:00 ERR (3): Notice: Undefined index: order_id  in D:\www\tresbien_group2\app\code\local\Baokim\PaymentPro\controllers\IndexController.php on line 57
2016-07-12T07:09:46+00:00 ERR (3): Notice: Undefined index: order_id  in D:\www\tresbien_group2\app\code\local\Baokim\PaymentPro\controllers\IndexController.php on line 57
2016-07-12T07:10:03+00:00 ERR (3): Notice: Undefined index: order_id  in D:\www\tresbien_group2\app\code\local\Baokim\PaymentPro\controllers\IndexController.php on line 57
2016-07-12T07:10:18+00:00 ERR (3): Notice: Undefined index: order_id  in D:\www\tresbien_group2\app\code\local\Baokim\PaymentPro\controllers\IndexController.php on line 57
2016-07-12T07:10:39+00:00 ERR (3): Notice: Undefined index: order_id  in D:\www\tresbien_group2\app\code\local\Baokim\PaymentPro\controllers\IndexController.php on line 57
2016-07-12T07:10:57+00:00 ERR (3): Notice: Undefined index: order_id  in D:\www\tresbien_group2\app\code\local\Baokim\PaymentPro\controllers\IndexController.php on line 57
2016-07-12T07:11:31+00:00 ERR (3): Notice: Undefined index: order_id  in D:\www\tresbien_group2\app\code\local\Baokim\PaymentPro\controllers\IndexController.php on line 57
2016-07-12T07:11:40+00:00 ERR (3): Notice: Undefined index: order_id  in D:\www\tresbien_group2\app\code\local\Baokim\PaymentPro\controllers\IndexController.php on line 57
2016-07-12T07:32:15+00:00 ERR (3): Notice: Undefined index: order_id  in D:\www\tresbien_group2\app\code\local\Baokim\PaymentPro\controllers\IndexController.php on line 58
2016-07-12T07:33:34+00:00 CRIT (2): Not valid template file:frontend\base\default\template\payment/form/checkmo.phtml
2016-07-12T07:41:32+00:00 ERR (3): Notice: Undefined index: order_id  in D:\www\tresbien_group2\app\code\local\Baokim\PaymentPro\controllers\IndexController.php on line 57
2016-07-12T07:51:37+00:00 CRIT (2): Not valid template file:frontend\base\default\template\payment/form/checkmo.phtml
2016-07-12T07:56:00+00:00 ERR (3): Notice: Undefined index: order_id  in D:\www\tresbien_group2\app\code\local\Baokim\PaymentPro\controllers\IndexController.php on line 58
2016-07-12T07:56:10+00:00 ERR (3): Notice: Undefined index: order_id  in D:\www\tresbien_group2\app\code\local\Baokim\PaymentPro\controllers\IndexController.php on line 58
2016-07-12T10:33:37+00:00 ERR (3): Warning: simplexml_load_string(): Entity: line 17: parser error : Double hyphen within comment: &lt;!-- &lt;?xml version=&quot;1.0&quot; ?&gt;
&lt;config&gt;
	&lt;modules&gt;
		&lt;Sma  in D:\www\tresbien_group2\lib\Varien\Simplexml\Config.php on line 510
2016-07-12T10:33:37+00:00 ERR (3): Warning: simplexml_load_string(): 				&lt;!-- &lt;resourceModel&gt;fsepayment_resource&lt;/resourceModel&gt; --  in D:\www\tresbien_group2\lib\Varien\Simplexml\Config.php on line 510
2016-07-12T10:33:37+00:00 ERR (3): Warning: simplexml_load_string(): 				  ^  in D:\www\tresbien_group2\lib\Varien\Simplexml\Config.php on line 510
2016-07-12T10:33:37+00:00 ERR (3): Warning: simplexml_load_string(): Entity: line 17: parser error : Double hyphen within comment: &lt;!-- &lt;?xml version=&quot;1.0&quot; ?&gt;
&lt;config&gt;
	&lt;modules&gt;
		&lt;Sma  in D:\www\tresbien_group2\lib\Varien\Simplexml\Config.php on line 510
2016-07-12T10:33:37+00:00 ERR (3): Warning: simplexml_load_string(): 				&lt;!-- &lt;resourceModel&gt;fsepayment_resource&lt;/resourceModel&gt; --  in D:\www\tresbien_group2\lib\Varien\Simplexml\Config.php on line 510
2016-07-12T10:33:37+00:00 ERR (3): Warning: simplexml_load_string(): 				                                                        ^  in D:\www\tresbien_group2\lib\Varien\Simplexml\Config.php on line 510
2016-07-12T10:33:37+00:00 ERR (3): Warning: simplexml_load_string(): Entity: line 19: parser error : Double hyphen within comment: &lt;!-- &lt;?xml version=&quot;1.0&quot; ?&gt;
&lt;config&gt;
	&lt;modules&gt;
		&lt;Sma  in D:\www\tresbien_group2\lib\Varien\Simplexml\Config.php on line 510
2016-07-12T10:33:37+00:00 ERR (3): Warning: simplexml_load_string(): 			&lt;!-- &lt;fsepayment_resource&gt;  in D:\www\tresbien_group2\lib\Varien\Simplexml\Config.php on line 510
2016-07-12T10:33:37+00:00 ERR (3): Warning: simplexml_load_string(): 			  ^  in D:\www\tresbien_group2\lib\Varien\Simplexml\Config.php on line 510
2016-07-12T10:33:37+00:00 ERR (3): Warning: simplexml_load_string(): Entity: line 27: parser error : Comment must not contain '--' (double-hyphen)  in D:\www\tresbien_group2\lib\Varien\Simplexml\Config.php on line 510
2016-07-12T10:33:37+00:00 ERR (3): Warning: simplexml_load_string(): 			&lt;/fsepayment_resource&gt; --  in D:\www\tresbien_group2\lib\Varien\Simplexml\Config.php on line 510
2016-07-12T10:33:37+00:00 ERR (3): Warning: simplexml_load_string(): 			                         ^  in D:\www\tresbien_group2\lib\Varien\Simplexml\Config.php on line 510
2016-07-12T10:33:37+00:00 ERR (3): Warning: simplexml_load_string(): Entity: line 58: parser error : Comment must not contain '--' (double-hyphen)  in D:\www\tresbien_group2\lib\Varien\Simplexml\Config.php on line 510
2016-07-12T10:33:37+00:00 ERR (3): Warning: simplexml_load_string(): 				&lt;!-- &lt;payment_aciton&gt;sales&lt;/payment_aciton&gt; --&gt;  in D:\www\tresbien_group2\lib\Varien\Simplexml\Config.php on line 510
2016-07-12T10:33:37+00:00 ERR (3): Warning: simplexml_load_string(): 				    ^  in D:\www\tresbien_group2\lib\Varien\Simplexml\Config.php on line 510
2016-07-12T10:33:37+00:00 ERR (3): Warning: simplexml_load_string(): Entity: line 59: parser error : Double hyphen within comment: &lt;!-- &lt;payment_aciton&gt;authorize&lt;/payment_aciton&gt;   in D:\www\tresbien_group2\lib\Varien\Simplexml\Config.php on line 510
2016-07-12T10:33:37+00:00 ERR (3): Warning: simplexml_load_string(): 				&lt;!-- &lt;payment_aciton&gt;authorize&lt;/payment_aciton&gt; --  in D:\www\tresbien_group2\lib\Varien\Simplexml\Config.php on line 510
2016-07-12T10:33:37+00:00 ERR (3): Warning: simplexml_load_string(): 				                                                ^  in D:\www\tresbien_group2\lib\Varien\Simplexml\Config.php on line 510
2016-07-12T10:33:37+00:00 ERR (3): Warning: simplexml_load_string(): Entity: line 64: parser error : Start tag expected, '&lt;' not found  in D:\www\tresbien_group2\lib\Varien\Simplexml\Config.php on line 510
2016-07-12T10:33:38+00:00 ERR (3): Warning: simplexml_load_string(): Entity: line 45: parser error : Start tag expected, '&lt;' not found  in D:\www\tresbien_group2\lib\Varien\Simplexml\Config.php on line 510
2016-07-12T10:33:44+00:00 ERR (3): Warning: simplexml_load_string(): Entity: line 17: parser error : Double hyphen within comment: &lt;!-- &lt;?xml version=&quot;1.0&quot; ?&gt;
&lt;config&gt;
	&lt;modules&gt;
		&lt;Sma  in D:\www\tresbien_group2\lib\Varien\Simplexml\Config.php on line 510
2016-07-12T10:33:44+00:00 ERR (3): Warning: simplexml_load_string(): 				&lt;!-- &lt;resourceModel&gt;fsepayment_resource&lt;/resourceModel&gt; --  in D:\www\tresbien_group2\lib\Varien\Simplexml\Config.php on line 510
2016-07-12T10:33:44+00:00 ERR (3): Warning: simplexml_load_string(): 				  ^  in D:\www\tresbien_group2\lib\Varien\Simplexml\Config.php on line 510
2016-07-12T10:33:44+00:00 ERR (3): Warning: simplexml_load_string(): Entity: line 17: parser error : Double hyphen within comment: &lt;!-- &lt;?xml version=&quot;1.0&quot; ?&gt;
&lt;config&gt;
	&lt;modules&gt;
		&lt;Sma  in D:\www\tresbien_group2\lib\Varien\Simplexml\Config.php on line 510
2016-07-12T10:33:44+00:00 ERR (3): Warning: simplexml_load_string(): 				&lt;!-- &lt;resourceModel&gt;fsepayment_resource&lt;/resourceModel&gt; --  in D:\www\tresbien_group2\lib\Varien\Simplexml\Config.php on line 510
2016-07-12T10:33:44+00:00 ERR (3): Warning: simplexml_load_string(): 				                                                        ^  in D:\www\tresbien_group2\lib\Varien\Simplexml\Config.php on line 510
2016-07-12T10:33:44+00:00 ERR (3): Warning: simplexml_load_string(): Entity: line 19: parser error : Double hyphen within comment: &lt;!-- &lt;?xml version=&quot;1.0&quot; ?&gt;
&lt;config&gt;
	&lt;modules&gt;
		&lt;Sma  in D:\www\tresbien_group2\lib\Varien\Simplexml\Config.php on line 510
2016-07-12T10:33:44+00:00 ERR (3): Warning: simplexml_load_string(): 			&lt;!-- &lt;fsepayment_resource&gt;  in D:\www\tresbien_group2\lib\Varien\Simplexml\Config.php on line 510
2016-07-12T10:33:44+00:00 ERR (3): Warning: simplexml_load_string(): 			  ^  in D:\www\tresbien_group2\lib\Varien\Simplexml\Config.php on line 510
2016-07-12T10:33:44+00:00 ERR (3): Warning: simplexml_load_string(): Entity: line 27: parser error : Comment must not contain '--' (double-hyphen)  in D:\www\tresbien_group2\lib\Varien\Simplexml\Config.php on line 510
2016-07-12T10:33:44+00:00 ERR (3): Warning: simplexml_load_string(): 			&lt;/fsepayment_resource&gt; --  in D:\www\tresbien_group2\lib\Varien\Simplexml\Config.php on line 510
2016-07-12T10:33:44+00:00 ERR (3): Warning: simplexml_load_string(): 			                         ^  in D:\www\tresbien_group2\lib\Varien\Simplexml\Config.php on line 510
2016-07-12T10:33:44+00:00 ERR (3): Warning: simplexml_load_string(): Entity: line 58: parser error : Comment must not contain '--' (double-hyphen)  in D:\www\tresbien_group2\lib\Varien\Simplexml\Config.php on line 510
2016-07-12T10:33:44+00:00 ERR (3): Warning: simplexml_load_string(): 				&lt;!-- &lt;payment_aciton&gt;sales&lt;/payment_aciton&gt; --&gt;  in D:\www\tresbien_group2\lib\Varien\Simplexml\Config.php on line 510
2016-07-12T10:33:44+00:00 ERR (3): Warning: simplexml_load_string(): 				    ^  in D:\www\tresbien_group2\lib\Varien\Simplexml\Config.php on line 510
2016-07-12T10:33:44+00:00 ERR (3): Warning: simplexml_load_string(): Entity: line 59: parser error : Double hyphen within comment: &lt;!-- &lt;payment_aciton&gt;authorize&lt;/payment_aciton&gt;   in D:\www\tresbien_group2\lib\Varien\Simplexml\Config.php on line 510
2016-07-12T10:33:44+00:00 ERR (3): Warning: simplexml_load_string(): 				&lt;!-- &lt;payment_aciton&gt;authorize&lt;/payment_aciton&gt; --  in D:\www\tresbien_group2\lib\Varien\Simplexml\Config.php on line 510
2016-07-12T10:33:44+00:00 ERR (3): Warning: simplexml_load_string(): 				                                                ^  in D:\www\tresbien_group2\lib\Varien\Simplexml\Config.php on line 510
2016-07-12T10:33:44+00:00 ERR (3): Warning: simplexml_load_string(): Entity: line 64: parser error : Start tag expected, '&lt;' not found  in D:\www\tresbien_group2\lib\Varien\Simplexml\Config.php on line 510
2016-07-12T10:33:57+00:00 ERR (3): Warning: simplexml_load_string(): Entity: line 17: parser error : Double hyphen within comment: &lt;!-- &lt;?xml version=&quot;1.0&quot; ?&gt;
&lt;config&gt;
	&lt;modules&gt;
		&lt;Sma  in D:\www\tresbien_group2\lib\Varien\Simplexml\Config.php on line 510
2016-07-12T10:33:57+00:00 ERR (3): Warning: simplexml_load_string(): 				&lt;!-- &lt;resourceModel&gt;fsepayment_resource&lt;/resourceModel&gt; --  in D:\www\tresbien_group2\lib\Varien\Simplexml\Config.php on line 510
2016-07-12T10:33:57+00:00 ERR (3): Warning: simplexml_load_string(): 				  ^  in D:\www\tresbien_group2\lib\Varien\Simplexml\Config.php on line 510
2016-07-12T10:33:57+00:00 ERR (3): Warning: simplexml_load_string(): Entity: line 17: parser error : Double hyphen within comment: &lt;!-- &lt;?xml version=&quot;1.0&quot; ?&gt;
&lt;config&gt;
	&lt;modules&gt;
		&lt;Sma  in D:\www\tresbien_group2\lib\Varien\Simplexml\Config.php on line 510
2016-07-12T10:33:57+00:00 ERR (3): Warning: simplexml_load_string(): 				&lt;!-- &lt;resourceModel&gt;fsepayment_resource&lt;/resourceModel&gt; --  in D:\www\tresbien_group2\lib\Varien\Simplexml\Config.php on line 510
2016-07-12T10:33:57+00:00 ERR (3): Warning: simplexml_load_string(): 				                                                        ^  in D:\www\tresbien_group2\lib\Varien\Simplexml\Config.php on line 510
2016-07-12T10:33:57+00:00 ERR (3): Warning: simplexml_load_string(): Entity: line 19: parser error : Double hyphen within comment: &lt;!-- &lt;?xml version=&quot;1.0&quot; ?&gt;
&lt;config&gt;
	&lt;modules&gt;
		&lt;Sma  in D:\www\tresbien_group2\lib\Varien\Simplexml\Config.php on line 510
2016-07-12T10:33:57+00:00 ERR (3): Warning: simplexml_load_string(): 			&lt;!-- &lt;fsepayment_resource&gt;  in D:\www\tresbien_group2\lib\Varien\Simplexml\Config.php on line 510
2016-07-12T10:33:57+00:00 ERR (3): Warning: simplexml_load_string(): 			  ^  in D:\www\tresbien_group2\lib\Varien\Simplexml\Config.php on line 510
2016-07-12T10:33:57+00:00 ERR (3): Warning: simplexml_load_string(): Entity: line 27: parser error : Comment must not contain '--' (double-hyphen)  in D:\www\tresbien_group2\lib\Varien\Simplexml\Config.php on line 510
2016-07-12T10:33:57+00:00 ERR (3): Warning: simplexml_load_string(): 			&lt;/fsepayment_resource&gt; --  in D:\www\tresbien_group2\lib\Varien\Simplexml\Config.php on line 510
2016-07-12T10:33:57+00:00 ERR (3): Warning: simplexml_load_string(): 			                         ^  in D:\www\tresbien_group2\lib\Varien\Simplexml\Config.php on line 510
2016-07-12T10:33:57+00:00 ERR (3): Warning: simplexml_load_string(): Entity: line 58: parser error : Comment must not contain '--' (double-hyphen)  in D:\www\tresbien_group2\lib\Varien\Simplexml\Config.php on line 510
2016-07-12T10:33:57+00:00 ERR (3): Warning: simplexml_load_string(): 				&lt;!-- &lt;payment_aciton&gt;sales&lt;/payment_aciton&gt; --&gt;  in D:\www\tresbien_group2\lib\Varien\Simplexml\Config.php on line 510
2016-07-12T10:33:57+00:00 ERR (3): Warning: simplexml_load_string(): 				    ^  in D:\www\tresbien_group2\lib\Varien\Simplexml\Config.php on line 510
2016-07-12T10:33:57+00:00 ERR (3): Warning: simplexml_load_string(): Entity: line 59: parser error : Double hyphen within comment: &lt;!-- &lt;payment_aciton&gt;authorize&lt;/payment_aciton&gt;   in D:\www\tresbien_group2\lib\Varien\Simplexml\Config.php on line 510
2016-07-12T10:33:57+00:00 ERR (3): Warning: simplexml_load_string(): 				&lt;!-- &lt;payment_aciton&gt;authorize&lt;/payment_aciton&gt; --  in D:\www\tresbien_group2\lib\Varien\Simplexml\Config.php on line 510
2016-07-12T10:33:57+00:00 ERR (3): Warning: simplexml_load_string(): 				                                                ^  in D:\www\tresbien_group2\lib\Varien\Simplexml\Config.php on line 510
2016-07-12T10:33:57+00:00 ERR (3): Warning: simplexml_load_string(): Entity: line 64: parser error : Start tag expected, '&lt;' not found  in D:\www\tresbien_group2\lib\Varien\Simplexml\Config.php on line 510
2016-07-12T10:33:57+00:00 ERR (3): Warning: simplexml_load_string(): Entity: line 45: parser error : Start tag expected, '&lt;' not found  in D:\www\tresbien_group2\lib\Varien\Simplexml\Config.php on line 510
2016-07-12T10:37:04+00:00 ERR (3): Warning: simplexml_load_string(): Entity: line 59: parser error : Double hyphen within comment: &lt;!-- &lt;payment_aciton&gt;sales&lt;/payment_aciton&gt;
				&lt;!  in D:\www\tresbien_group2\lib\Varien\Simplexml\Config.php on line 510
2016-07-12T10:37:04+00:00 ERR (3): Warning: simplexml_load_string(): 				&lt;!-- &lt;payment_aciton&gt;authorize&lt;/payment_aciton&gt; --&gt;  in D:\www\tresbien_group2\lib\Varien\Simplexml\Config.php on line 510
2016-07-12T10:37:04+00:00 ERR (3): Warning: simplexml_load_string(): 				  ^  in D:\www\tresbien_group2\lib\Varien\Simplexml\Config.php on line 510
2016-07-12T10:37:05+00:00 ERR (3): Warning: simplexml_load_string(): Entity: line 45: parser error : Start tag expected, '&lt;' not found  in D:\www\tresbien_group2\lib\Varien\Simplexml\Config.php on line 510
2016-07-12T10:37:14+00:00 ERR (3): Warning: simplexml_load_string(): Entity: line 59: parser error : Double hyphen within comment: &lt;!-- &lt;payment_aciton&gt;sales&lt;/payment_aciton&gt;
				&lt;!  in D:\www\tresbien_group2\lib\Varien\Simplexml\Config.php on line 510
2016-07-12T10:37:14+00:00 ERR (3): Warning: simplexml_load_string(): 				&lt;!-- &lt;payment_aciton&gt;authorize&lt;/payment_aciton&gt; --&gt;  in D:\www\tresbien_group2\lib\Varien\Simplexml\Config.php on line 510
2016-07-12T10:37:14+00:00 ERR (3): Warning: simplexml_load_string(): 				  ^  in D:\www\tresbien_group2\lib\Varien\Simplexml\Config.php on line 510
2016-07-12T10:37:19+00:00 ERR (3): Warning: include(Mage\Fsepayment\Helper\Data.php): failed to open stream: No such file or directory  in D:\www\tresbien_group2\lib\Varien\Autoload.php on line 94
2016-07-12T10:37:19+00:00 ERR (3): Warning: include(): Failed opening 'Mage\Fsepayment\Helper\Data.php' for inclusion (include_path='D:\www\tresbien_group2\app\code\local;D:\www\tresbien_group2\app\code\community;D:\www\tresbien_group2\app\code\core;D:\www\tresbien_group2\lib;C:\xampp\php\PEAR')  in D:\www\tresbien_group2\lib\Varien\Autoload.php on line 94
2016-07-12T10:43:24+00:00 ERR (3): Warning: simplexml_load_string(): Entity: line 59: parser error : Double hyphen within comment: &lt;!-- &lt;payment_aciton&gt;sales&lt;/payment_aciton&gt;
				&lt;!  in D:\www\tresbien_group2\lib\Varien\Simplexml\Config.php on line 510
2016-07-12T10:43:24+00:00 ERR (3): Warning: simplexml_load_string(): 				&lt;!-- &lt;payment_aciton&gt;authorize&lt;/payment_aciton&gt; --&gt;  in D:\www\tresbien_group2\lib\Varien\Simplexml\Config.php on line 510
2016-07-12T10:43:24+00:00 ERR (3): Warning: simplexml_load_string(): 				  ^  in D:\www\tresbien_group2\lib\Varien\Simplexml\Config.php on line 510
2016-07-12T10:43:28+00:00 ERR (3): Warning: include(Mage\Fsepayment\Helper\Data.php): failed to open stream: No such file or directory  in D:\www\tresbien_group2\lib\Varien\Autoload.php on line 94
2016-07-12T10:43:28+00:00 ERR (3): Warning: include(): Failed opening 'Mage\Fsepayment\Helper\Data.php' for inclusion (include_path='D:\www\tresbien_group2\app\code\local;D:\www\tresbien_group2\app\code\community;D:\www\tresbien_group2\app\code\core;D:\www\tresbien_group2\lib;C:\xampp\php\PEAR')  in D:\www\tresbien_group2\lib\Varien\Autoload.php on line 94
2016-07-12T10:44:59+00:00 ERR (3): Warning: simplexml_load_string(): Entity: line 64: parser error : Double hyphen within comment: &lt;!-- &lt;payment_aciton&gt;sales&lt;/payment_aciton&gt;
				&lt;!  in D:\www\tresbien_group2\lib\Varien\Simplexml\Config.php on line 510
2016-07-12T10:44:59+00:00 ERR (3): Warning: simplexml_load_string(): 				&lt;!-- &lt;payment_aciton&gt;authorize&lt;/payment_aciton&gt; --&gt;  in D:\www\tresbien_group2\lib\Varien\Simplexml\Config.php on line 510
2016-07-12T10:44:59+00:00 ERR (3): Warning: simplexml_load_string(): 				  ^  in D:\www\tresbien_group2\lib\Varien\Simplexml\Config.php on line 510
2016-07-12T10:45:04+00:00 ERR (3): Warning: include(Mage\Fsepayment\Helper\Data.php): failed to open stream: No such file or directory  in D:\www\tresbien_group2\lib\Varien\Autoload.php on line 94
2016-07-12T10:45:04+00:00 ERR (3): Warning: include(): Failed opening 'Mage\Fsepayment\Helper\Data.php' for inclusion (include_path='D:\www\tresbien_group2\app\code\local;D:\www\tresbien_group2\app\code\community;D:\www\tresbien_group2\app\code\core;D:\www\tresbien_group2\lib;C:\xampp\php\PEAR')  in D:\www\tresbien_group2\lib\Varien\Autoload.php on line 94
2016-07-12T16:15:08+00:00 ERR (3): Warning: simplexml_load_string(): Entity: line 64: parser error : Double hyphen within comment: &lt;!-- &lt;payment_aciton&gt;sales&lt;/payment_aciton&gt;
				&lt;!  in D:\www\tresbien_group2\lib\Varien\Simplexml\Config.php on line 510
2016-07-12T16:15:08+00:00 ERR (3): Warning: simplexml_load_string(): 				&lt;!-- &lt;payment_aciton&gt;authorize&lt;/payment_aciton&gt; --&gt;  in D:\www\tresbien_group2\lib\Varien\Simplexml\Config.php on line 510
2016-07-12T16:15:08+00:00 ERR (3): Warning: simplexml_load_string(): 				  ^  in D:\www\tresbien_group2\lib\Varien\Simplexml\Config.php on line 510
2016-07-12T16:15:12+00:00 ERR (3): Warning: simplexml_load_string(): Entity: line 64: parser error : Double hyphen within comment: &lt;!-- &lt;payment_aciton&gt;sales&lt;/payment_aciton&gt;
				&lt;!  in D:\www\tresbien_group2\lib\Varien\Simplexml\Config.php on line 510
2016-07-12T16:15:12+00:00 ERR (3): Warning: simplexml_load_string(): 				&lt;!-- &lt;payment_aciton&gt;authorize&lt;/payment_aciton&gt; --&gt;  in D:\www\tresbien_group2\lib\Varien\Simplexml\Config.php on line 510
2016-07-12T16:15:12+00:00 ERR (3): Warning: simplexml_load_string(): 				  ^  in D:\www\tresbien_group2\lib\Varien\Simplexml\Config.php on line 510
2016-07-12T16:15:14+00:00 ERR (3): Warning: simplexml_load_string(): Entity: line 64: parser error : Double hyphen within comment: &lt;!-- &lt;payment_aciton&gt;sales&lt;/payment_aciton&gt;
				&lt;!  in D:\www\tresbien_group2\lib\Varien\Simplexml\Config.php on line 510
2016-07-12T16:15:14+00:00 ERR (3): Warning: simplexml_load_string(): 				&lt;!-- &lt;payment_aciton&gt;authorize&lt;/payment_aciton&gt; --&gt;  in D:\www\tresbien_group2\lib\Varien\Simplexml\Config.php on line 510
2016-07-12T16:15:14+00:00 ERR (3): Warning: simplexml_load_string(): 				  ^  in D:\www\tresbien_group2\lib\Varien\Simplexml\Config.php on line 510
2016-07-12T16:15:17+00:00 ERR (3): Warning: simplexml_load_string(): Entity: line 64: parser error : Double hyphen within comment: &lt;!-- &lt;payment_aciton&gt;sales&lt;/payment_aciton&gt;
				&lt;!  in D:\www\tresbien_group2\lib\Varien\Simplexml\Config.php on line 510
2016-07-12T16:15:17+00:00 ERR (3): Warning: simplexml_load_string(): 				&lt;!-- &lt;payment_aciton&gt;authorize&lt;/payment_aciton&gt; --&gt;  in D:\www\tresbien_group2\lib\Varien\Simplexml\Config.php on line 510
2016-07-12T16:15:17+00:00 ERR (3): Warning: simplexml_load_string(): 				  ^  in D:\www\tresbien_group2\lib\Varien\Simplexml\Config.php on line 510
2016-07-12T16:15:23+00:00 ERR (3): Warning: simplexml_load_string(): Entity: line 64: parser error : Double hyphen within comment: &lt;!-- &lt;payment_aciton&gt;sales&lt;/payment_aciton&gt;
				&lt;!  in D:\www\tresbien_group2\lib\Varien\Simplexml\Config.php on line 510
2016-07-12T16:15:23+00:00 ERR (3): Warning: simplexml_load_string(): 				&lt;!-- &lt;payment_aciton&gt;authorize&lt;/payment_aciton&gt; --&gt;  in D:\www\tresbien_group2\lib\Varien\Simplexml\Config.php on line 510
2016-07-12T16:15:23+00:00 ERR (3): Warning: simplexml_load_string(): 				  ^  in D:\www\tresbien_group2\lib\Varien\Simplexml\Config.php on line 510
2016-07-12T16:15:23+00:00 ERR (3): Warning: simplexml_load_string(): Entity: line 64: parser error : Double hyphen within comment: &lt;!-- &lt;payment_aciton&gt;sales&lt;/payment_aciton&gt;
				&lt;!  in D:\www\tresbien_group2\lib\Varien\Simplexml\Config.php on line 510
2016-07-12T16:15:23+00:00 ERR (3): Warning: simplexml_load_string(): 				&lt;!-- &lt;payment_aciton&gt;authorize&lt;/payment_aciton&gt; --&gt;  in D:\www\tresbien_group2\lib\Varien\Simplexml\Config.php on line 510
2016-07-12T16:15:23+00:00 ERR (3): Warning: simplexml_load_string(): 				  ^  in D:\www\tresbien_group2\lib\Varien\Simplexml\Config.php on line 510
2016-07-12T16:15:27+00:00 ERR (3): Warning: simplexml_load_string(): Entity: line 64: parser error : Double hyphen within comment: &lt;!-- &lt;payment_aciton&gt;sales&lt;/payment_aciton&gt;
				&lt;!  in D:\www\tresbien_group2\lib\Varien\Simplexml\Config.php on line 510
2016-07-12T16:15:27+00:00 ERR (3): Warning: simplexml_load_string(): 				&lt;!-- &lt;payment_aciton&gt;authorize&lt;/payment_aciton&gt; --&gt;  in D:\www\tresbien_group2\lib\Varien\Simplexml\Config.php on line 510
2016-07-12T16:15:27+00:00 ERR (3): Warning: simplexml_load_string(): 				  ^  in D:\www\tresbien_group2\lib\Varien\Simplexml\Config.php on line 510
2016-07-12T16:15:35+00:00 ERR (3): Warning: simplexml_load_string(): Entity: line 64: parser error : Double hyphen within comment: &lt;!-- &lt;payment_aciton&gt;sales&lt;/payment_aciton&gt;
				&lt;!  in D:\www\tresbien_group2\lib\Varien\Simplexml\Config.php on line 510
2016-07-12T16:15:35+00:00 ERR (3): Warning: simplexml_load_string(): 				&lt;!-- &lt;payment_aciton&gt;authorize&lt;/payment_aciton&gt; --&gt;  in D:\www\tresbien_group2\lib\Varien\Simplexml\Config.php on line 510
2016-07-12T16:15:35+00:00 ERR (3): Warning: simplexml_load_string(): 				  ^  in D:\www\tresbien_group2\lib\Varien\Simplexml\Config.php on line 510
2016-07-12T16:15:46+00:00 ERR (3): Warning: simplexml_load_string(): Entity: line 64: parser error : Double hyphen within comment: &lt;!-- &lt;payment_aciton&gt;sales&lt;/payment_aciton&gt;
				&lt;!  in D:\www\tresbien_group2\lib\Varien\Simplexml\Config.php on line 510
2016-07-12T16:15:46+00:00 ERR (3): Warning: simplexml_load_string(): 				&lt;!-- &lt;payment_aciton&gt;authorize&lt;/payment_aciton&gt; --&gt;  in D:\www\tresbien_group2\lib\Varien\Simplexml\Config.php on line 510
2016-07-12T16:15:46+00:00 ERR (3): Warning: simplexml_load_string(): 				  ^  in D:\www\tresbien_group2\lib\Varien\Simplexml\Config.php on line 510
2016-07-12T16:15:55+00:00 ERR (3): Warning: simplexml_load_string(): Entity: line 64: parser error : Double hyphen within comment: &lt;!-- &lt;payment_aciton&gt;sales&lt;/payment_aciton&gt;
				&lt;!  in D:\www\tresbien_group2\lib\Varien\Simplexml\Config.php on line 510
2016-07-12T16:15:55+00:00 ERR (3): Warning: simplexml_load_string(): 				&lt;!-- &lt;payment_aciton&gt;authorize&lt;/payment_aciton&gt; --&gt;  in D:\www\tresbien_group2\lib\Varien\Simplexml\Config.php on line 510
2016-07-12T16:15:55+00:00 ERR (3): Warning: simplexml_load_string(): 				  ^  in D:\www\tresbien_group2\lib\Varien\Simplexml\Config.php on line 510
2016-07-12T16:15:56+00:00 ERR (3): Warning: simplexml_load_string(): Entity: line 64: parser error : Double hyphen within comment: &lt;!-- &lt;payment_aciton&gt;sales&lt;/payment_aciton&gt;
				&lt;!  in D:\www\tresbien_group2\lib\Varien\Simplexml\Config.php on line 510
2016-07-12T16:15:56+00:00 ERR (3): Warning: simplexml_load_string(): 				&lt;!-- &lt;payment_aciton&gt;authorize&lt;/payment_aciton&gt; --&gt;  in D:\www\tresbien_group2\lib\Varien\Simplexml\Config.php on line 510
2016-07-12T16:15:56+00:00 ERR (3): Warning: simplexml_load_string(): 				  ^  in D:\www\tresbien_group2\lib\Varien\Simplexml\Config.php on line 510
2016-07-12T16:15:58+00:00 ERR (3): Warning: simplexml_load_string(): Entity: line 64: parser error : Double hyphen within comment: &lt;!-- &lt;payment_aciton&gt;sales&lt;/payment_aciton&gt;
				&lt;!  in D:\www\tresbien_group2\lib\Varien\Simplexml\Config.php on line 510
2016-07-12T16:15:58+00:00 ERR (3): Warning: simplexml_load_string(): 				&lt;!-- &lt;payment_aciton&gt;authorize&lt;/payment_aciton&gt; --&gt;  in D:\www\tresbien_group2\lib\Varien\Simplexml\Config.php on line 510
2016-07-12T16:15:58+00:00 ERR (3): Warning: simplexml_load_string(): 				  ^  in D:\www\tresbien_group2\lib\Varien\Simplexml\Config.php on line 510
2016-07-12T16:16:06+00:00 ERR (3): Warning: simplexml_load_string(): Entity: line 64: parser error : Double hyphen within comment: &lt;!-- &lt;payment_aciton&gt;sales&lt;/payment_aciton&gt;
				&lt;!  in D:\www\tresbien_group2\lib\Varien\Simplexml\Config.php on line 510
2016-07-12T16:16:06+00:00 ERR (3): Warning: simplexml_load_string(): 				&lt;!-- &lt;payment_aciton&gt;authorize&lt;/payment_aciton&gt; --&gt;  in D:\www\tresbien_group2\lib\Varien\Simplexml\Config.php on line 510
2016-07-12T16:16:06+00:00 ERR (3): Warning: simplexml_load_string(): 				  ^  in D:\www\tresbien_group2\lib\Varien\Simplexml\Config.php on line 510
2016-07-12T16:16:10+00:00 ERR (3): Warning: include(Mage\Fsepayment\Helper\Data.php): failed to open stream: No such file or directory  in D:\www\tresbien_group2\lib\Varien\Autoload.php on line 94
2016-07-12T16:16:10+00:00 ERR (3): Warning: include(): Failed opening 'Mage\Fsepayment\Helper\Data.php' for inclusion (include_path='D:\www\tresbien_group2\app\code\local;D:\www\tresbien_group2\app\code\community;D:\www\tresbien_group2\app\code\core;D:\www\tresbien_group2\lib;C:\xampp\php\PEAR')  in D:\www\tresbien_group2\lib\Varien\Autoload.php on line 94
2016-07-12T16:16:24+00:00 ERR (3): Warning: simplexml_load_string(): Entity: line 64: parser error : Double hyphen within comment: &lt;!-- &lt;payment_aciton&gt;sales&lt;/payment_aciton&gt;
				&lt;!  in D:\www\tresbien_group2\lib\Varien\Simplexml\Config.php on line 510
2016-07-12T16:16:24+00:00 ERR (3): Warning: simplexml_load_string(): 				&lt;!-- &lt;payment_aciton&gt;authorize&lt;/payment_aciton&gt; --&gt;  in D:\www\tresbien_group2\lib\Varien\Simplexml\Config.php on line 510
2016-07-12T16:16:24+00:00 ERR (3): Warning: simplexml_load_string(): 				  ^  in D:\www\tresbien_group2\lib\Varien\Simplexml\Config.php on line 510
2016-07-12T16:16:54+00:00 ERR (3): Warning: simplexml_load_string(): Entity: line 64: parser error : Double hyphen within comment: &lt;!-- &lt;payment_aciton&gt;sales&lt;/payment_aciton&gt;
				&lt;!  in D:\www\tresbien_group2\lib\Varien\Simplexml\Config.php on line 510
2016-07-12T16:16:54+00:00 ERR (3): Warning: simplexml_load_string(): 				&lt;!-- &lt;payment_aciton&gt;authorize&lt;/payment_aciton&gt; --&gt;  in D:\www\tresbien_group2\lib\Varien\Simplexml\Config.php on line 510
2016-07-12T16:16:54+00:00 ERR (3): Warning: simplexml_load_string(): 				  ^  in D:\www\tresbien_group2\lib\Varien\Simplexml\Config.php on line 510
2016-07-12T16:17:00+00:00 ERR (3): Warning: include(Mage\Fsepayment\Helper\Data.php): failed to open stream: No such file or directory  in D:\www\tresbien_group2\lib\Varien\Autoload.php on line 94
2016-07-12T16:17:00+00:00 ERR (3): Warning: include(): Failed opening 'Mage\Fsepayment\Helper\Data.php' for inclusion (include_path='D:\www\tresbien_group2\app\code\local;D:\www\tresbien_group2\app\code\community;D:\www\tresbien_group2\app\code\core;D:\www\tresbien_group2\lib;C:\xampp\php\PEAR')  in D:\www\tresbien_group2\lib\Varien\Autoload.php on line 94
2016-07-12T16:21:29+00:00 ERR (3): Warning: include(SmartLab\Fsepayment\Model\Paymentmethod.php): failed to open stream: No such file or directory  in D:\www\tresbien_group2\lib\Varien\Autoload.php on line 94
2016-07-12T16:21:29+00:00 ERR (3): Warning: include(): Failed opening 'SmartLab\Fsepayment\Model\Paymentmethod.php' for inclusion (include_path='D:\www\tresbien_group2\app\code\local;D:\www\tresbien_group2\app\code\community;D:\www\tresbien_group2\app\code\core;D:\www\tresbien_group2\lib;C:\xampp\php\PEAR')  in D:\www\tresbien_group2\lib\Varien\Autoload.php on line 94
2016-07-12T16:22:07+00:00 ERR (3): Warning: include(SmartLab\Fsepayment\Model\Paymentmethod.php): failed to open stream: No such file or directory  in D:\www\tresbien_group2\lib\Varien\Autoload.php on line 94
2016-07-12T16:22:07+00:00 ERR (3): Warning: include(): Failed opening 'SmartLab\Fsepayment\Model\Paymentmethod.php' for inclusion (include_path='D:\www\tresbien_group2\app\code\local;D:\www\tresbien_group2\app\code\community;D:\www\tresbien_group2\app\code\core;D:\www\tresbien_group2\lib;C:\xampp\php\PEAR')  in D:\www\tresbien_group2\lib\Varien\Autoload.php on line 94
2016-07-12T16:22:07+00:00 CRIT (2): Not valid template file:frontend\base\default\template\payment/form/checkmo.phtml
